2026-01-05 17:22:35,541 - INFO - Request for reserve_stock, order_id: cdd14dbf-b1c4-4c42-a715-a45a42200dc3, request: order_id='cdd14dbf-b1c4-4c42-a715-a45a42200dc3' items=[CartItem(sku='4cc0770f-91bc-4c0d-a26f-7b872f02ca94', qty=2)] atomic_update=True delay=0.0 drop=0
2026-01-05 17:22:35,541 - INFO - Failure injected for inventory reserve_stock INJECT_DELAY: 0, INJECT_DROP_RATE: 0
2026-01-05 17:22:35,543 - INFO - Request for reserve_stock successfully processed, order_id: cdd14dbf-b1c4-4c42-a715-a45a42200dc3, result items: [{'sku': '4cc0770f-91bc-4c0d-a26f-7b872f02ca94', 'remaining': 98}], status: RESERVED
2026-01-05 17:22:36,066 - INFO - Request for reserve_stock, order_id: 23981bb8-ef75-4819-9807-d6a6a8436f3e, request: order_id='23981bb8-ef75-4819-9807-d6a6a8436f3e' items=[CartItem(sku='4cc0770f-91bc-4c0d-a26f-7b872f02ca94', qty=2)] atomic_update=True delay=0.0 drop=0
2026-01-05 17:22:36,066 - INFO - Failure injected for inventory reserve_stock INJECT_DELAY: 0, INJECT_DROP_RATE: 0
2026-01-05 17:22:36,067 - INFO - Request for reserve_stock successfully processed, order_id: 23981bb8-ef75-4819-9807-d6a6a8436f3e, result items: [{'sku': '4cc0770f-91bc-4c0d-a26f-7b872f02ca94', 'remaining': 96}], status: RESERVED
2026-01-05 17:22:36,590 - INFO - Request for reserve_stock, order_id: 7436451d-70fc-437c-ab41-1df93c472aee, request: order_id='7436451d-70fc-437c-ab41-1df93c472aee' items=[CartItem(sku='4cc0770f-91bc-4c0d-a26f-7b872f02ca94', qty=2)] atomic_update=True delay=0.0 drop=0
2026-01-05 17:22:36,591 - INFO - Failure injected for inventory reserve_stock INJECT_DELAY: 0, INJECT_DROP_RATE: 0
2026-01-05 17:22:36,597 - INFO - Request for reserve_stock successfully processed, order_id: 7436451d-70fc-437c-ab41-1df93c472aee, result items: [{'sku': '4cc0770f-91bc-4c0d-a26f-7b872f02ca94', 'remaining': 94}], status: RESERVED
2026-01-05 17:22:37,117 - INFO - Request for reserve_stock, order_id: 2f04c20b-aa97-4e1e-848d-a02bc6fbfe8e, request: order_id='2f04c20b-aa97-4e1e-848d-a02bc6fbfe8e' items=[CartItem(sku='4cc0770f-91bc-4c0d-a26f-7b872f02ca94', qty=2)] atomic_update=True delay=0.0 drop=0
2026-01-05 17:22:37,118 - INFO - Failure injected for inventory reserve_stock INJECT_DELAY: 0, INJECT_DROP_RATE: 0
2026-01-05 17:22:37,119 - INFO - Request for reserve_stock successfully processed, order_id: 2f04c20b-aa97-4e1e-848d-a02bc6fbfe8e, result items: [{'sku': '4cc0770f-91bc-4c0d-a26f-7b872f02ca94', 'remaining': 92}], status: RESERVED
2026-01-05 17:22:37,636 - INFO - Request for reserve_stock, order_id: 349ffe7b-c2e1-4920-aba2-9c2fe1ce06c2, request: order_id='349ffe7b-c2e1-4920-aba2-9c2fe1ce06c2' items=[CartItem(sku='4cc0770f-91bc-4c0d-a26f-7b872f02ca94', qty=2)] atomic_update=True delay=0.0 drop=0
2026-01-05 17:22:37,636 - INFO - Failure injected for inventory reserve_stock INJECT_DELAY: 0, INJECT_DROP_RATE: 0
2026-01-05 17:22:37,638 - INFO - Request for reserve_stock successfully processed, order_id: 349ffe7b-c2e1-4920-aba2-9c2fe1ce06c2, result items: [{'sku': '4cc0770f-91bc-4c0d-a26f-7b872f02ca94', 'remaining': 90}], status: RESERVED
2026-01-05 17:22:38,155 - INFO - Request for reserve_stock, order_id: a916a43f-cb4b-4943-893f-89b5d7fcc7e4, request: order_id='a916a43f-cb4b-4943-893f-89b5d7fcc7e4' items=[CartItem(sku='4cc0770f-91bc-4c0d-a26f-7b872f02ca94', qty=2)] atomic_update=True delay=0.0 drop=0
2026-01-05 17:22:38,155 - INFO - Failure injected for inventory reserve_stock INJECT_DELAY: 0, INJECT_DROP_RATE: 0
2026-01-05 17:22:38,156 - INFO - Request for reserve_stock successfully processed, order_id: a916a43f-cb4b-4943-893f-89b5d7fcc7e4, result items: [{'sku': '4cc0770f-91bc-4c0d-a26f-7b872f02ca94', 'remaining': 88}], status: RESERVED
2026-01-05 17:22:38,674 - INFO - Request for reserve_stock, order_id: d6bdeaca-e5ab-4275-8a8c-2b5243e425d4, request: order_id='d6bdeaca-e5ab-4275-8a8c-2b5243e425d4' items=[CartItem(sku='4cc0770f-91bc-4c0d-a26f-7b872f02ca94', qty=2)] atomic_update=True delay=0.0 drop=0
2026-01-05 17:22:38,674 - INFO - Failure injected for inventory reserve_stock INJECT_DELAY: 0, INJECT_DROP_RATE: 0
2026-01-05 17:22:38,676 - INFO - Request for reserve_stock successfully processed, order_id: d6bdeaca-e5ab-4275-8a8c-2b5243e425d4, result items: [{'sku': '4cc0770f-91bc-4c0d-a26f-7b872f02ca94', 'remaining': 86}], status: RESERVED
2026-01-05 17:22:39,195 - INFO - Request for reserve_stock, order_id: ea37a09e-fadc-4a4a-b96e-8cbace7e0dcc, request: order_id='ea37a09e-fadc-4a4a-b96e-8cbace7e0dcc' items=[CartItem(sku='4cc0770f-91bc-4c0d-a26f-7b872f02ca94', qty=2)] atomic_update=True delay=0.0 drop=0
2026-01-05 17:22:39,195 - INFO - Failure injected for inventory reserve_stock INJECT_DELAY: 0, INJECT_DROP_RATE: 0
2026-01-05 17:22:39,198 - INFO - Request for reserve_stock successfully processed, order_id: ea37a09e-fadc-4a4a-b96e-8cbace7e0dcc, result items: [{'sku': '4cc0770f-91bc-4c0d-a26f-7b872f02ca94', 'remaining': 84}], status: RESERVED
2026-01-05 17:22:39,716 - INFO - Request for reserve_stock, order_id: 27d8a424-adbe-4310-a659-11685f81731a, request: order_id='27d8a424-adbe-4310-a659-11685f81731a' items=[CartItem(sku='4cc0770f-91bc-4c0d-a26f-7b872f02ca94', qty=2)] atomic_update=True delay=0.0 drop=0
2026-01-05 17:22:39,716 - INFO - Failure injected for inventory reserve_stock INJECT_DELAY: 0, INJECT_DROP_RATE: 0
2026-01-05 17:22:39,718 - INFO - Request for reserve_stock successfully processed, order_id: 27d8a424-adbe-4310-a659-11685f81731a, result items: [{'sku': '4cc0770f-91bc-4c0d-a26f-7b872f02ca94', 'remaining': 82}], status: RESERVED
2026-01-05 17:22:40,236 - INFO - Request for reserve_stock, order_id: f3eb19bb-2f1e-4669-958b-699d66dd64d3, request: order_id='f3eb19bb-2f1e-4669-958b-699d66dd64d3' items=[CartItem(sku='4cc0770f-91bc-4c0d-a26f-7b872f02ca94', qty=2)] atomic_update=True delay=0.0 drop=0
2026-01-05 17:22:40,236 - INFO - Failure injected for inventory reserve_stock INJECT_DELAY: 0, INJECT_DROP_RATE: 0
2026-01-05 17:22:40,238 - INFO - Request for reserve_stock successfully processed, order_id: f3eb19bb-2f1e-4669-958b-699d66dd64d3, result items: [{'sku': '4cc0770f-91bc-4c0d-a26f-7b872f02ca94', 'remaining': 80}], status: RESERVED
2026-01-05 17:22:40,803 - INFO - Request for reserve_stock, order_id: aebc682e-8098-4eee-b478-4045f64d3f17, request: order_id='aebc682e-8098-4eee-b478-4045f64d3f17' items=[CartItem(sku='4cc0770f-91bc-4c0d-a26f-7b872f02ca94', qty=2)] atomic_update=True delay=0.0 drop=0
2026-01-05 17:22:40,803 - INFO - Failure injected for inventory reserve_stock INJECT_DELAY: 0, INJECT_DROP_RATE: 0
2026-01-05 17:22:40,805 - INFO - Request for reserve_stock successfully processed, order_id: aebc682e-8098-4eee-b478-4045f64d3f17, result items: [{'sku': '4cc0770f-91bc-4c0d-a26f-7b872f02ca94', 'remaining': 78}], status: RESERVED
2026-01-05 17:22:41,373 - INFO - Request for reserve_stock, order_id: 6cdb8403-3261-4381-aadb-318a1589e52f, request: order_id='6cdb8403-3261-4381-aadb-318a1589e52f' items=[CartItem(sku='4cc0770f-91bc-4c0d-a26f-7b872f02ca94', qty=2)] atomic_update=True delay=0.0 drop=0
2026-01-05 17:22:41,373 - INFO - Failure injected for inventory reserve_stock INJECT_DELAY: 0, INJECT_DROP_RATE: 0
2026-01-05 17:22:41,375 - INFO - Request for reserve_stock successfully processed, order_id: 6cdb8403-3261-4381-aadb-318a1589e52f, result items: [{'sku': '4cc0770f-91bc-4c0d-a26f-7b872f02ca94', 'remaining': 76}], status: RESERVED
2026-01-05 17:22:41,898 - INFO - Request for reserve_stock, order_id: ca3a5102-ca74-4464-9ea7-3509d8e768b6, request: order_id='ca3a5102-ca74-4464-9ea7-3509d8e768b6' items=[CartItem(sku='4cc0770f-91bc-4c0d-a26f-7b872f02ca94', qty=2)] atomic_update=True delay=0.0 drop=0
2026-01-05 17:22:41,898 - INFO - Failure injected for inventory reserve_stock INJECT_DELAY: 0, INJECT_DROP_RATE: 0
2026-01-05 17:22:41,899 - INFO - Request for reserve_stock successfully processed, order_id: ca3a5102-ca74-4464-9ea7-3509d8e768b6, result items: [{'sku': '4cc0770f-91bc-4c0d-a26f-7b872f02ca94', 'remaining': 74}], status: RESERVED
2026-01-05 17:22:42,427 - INFO - Request for reserve_stock, order_id: 5be9c580-45bd-4d3d-91ca-57672d9e9aae, request: order_id='5be9c580-45bd-4d3d-91ca-57672d9e9aae' items=[CartItem(sku='4cc0770f-91bc-4c0d-a26f-7b872f02ca94', qty=2)] atomic_update=True delay=0.0 drop=0
2026-01-05 17:22:42,427 - INFO - Failure injected for inventory reserve_stock INJECT_DELAY: 0, INJECT_DROP_RATE: 0
2026-01-05 17:22:42,430 - INFO - Request for reserve_stock successfully processed, order_id: 5be9c580-45bd-4d3d-91ca-57672d9e9aae, result items: [{'sku': '4cc0770f-91bc-4c0d-a26f-7b872f02ca94', 'remaining': 72}], status: RESERVED
2026-01-05 17:22:42,949 - INFO - Request for reserve_stock, order_id: 56da7419-26e5-4128-a7ed-1bbafba84165, request: order_id='56da7419-26e5-4128-a7ed-1bbafba84165' items=[CartItem(sku='4cc0770f-91bc-4c0d-a26f-7b872f02ca94', qty=2)] atomic_update=True delay=0.0 drop=0
2026-01-05 17:22:42,949 - INFO - Failure injected for inventory reserve_stock INJECT_DELAY: 0, INJECT_DROP_RATE: 0
2026-01-05 17:22:42,951 - INFO - Request for reserve_stock successfully processed, order_id: 56da7419-26e5-4128-a7ed-1bbafba84165, result items: [{'sku': '4cc0770f-91bc-4c0d-a26f-7b872f02ca94', 'remaining': 70}], status: RESERVED
2026-01-05 17:22:43,482 - INFO - Request for reserve_stock, order_id: a00b9539-441b-4d5e-a1fc-929ff6a8a19b, request: order_id='a00b9539-441b-4d5e-a1fc-929ff6a8a19b' items=[CartItem(sku='4cc0770f-91bc-4c0d-a26f-7b872f02ca94', qty=2)] atomic_update=True delay=0.0 drop=0
2026-01-05 17:22:43,482 - INFO - Failure injected for inventory reserve_stock INJECT_DELAY: 0, INJECT_DROP_RATE: 0
2026-01-05 17:22:43,484 - INFO - Request for reserve_stock successfully processed, order_id: a00b9539-441b-4d5e-a1fc-929ff6a8a19b, result items: [{'sku': '4cc0770f-91bc-4c0d-a26f-7b872f02ca94', 'remaining': 68}], status: RESERVED
2026-01-05 17:22:44,017 - INFO - Request for reserve_stock, order_id: 31b590cb-2f78-48ff-9ed5-e2fa1aaf3b80, request: order_id='31b590cb-2f78-48ff-9ed5-e2fa1aaf3b80' items=[CartItem(sku='4cc0770f-91bc-4c0d-a26f-7b872f02ca94', qty=2)] atomic_update=True delay=0.0 drop=0
2026-01-05 17:22:44,018 - INFO - Failure injected for inventory reserve_stock INJECT_DELAY: 0, INJECT_DROP_RATE: 0
2026-01-05 17:22:44,020 - INFO - Request for reserve_stock successfully processed, order_id: 31b590cb-2f78-48ff-9ed5-e2fa1aaf3b80, result items: [{'sku': '4cc0770f-91bc-4c0d-a26f-7b872f02ca94', 'remaining': 66}], status: RESERVED
2026-01-05 17:22:44,538 - INFO - Request for reserve_stock, order_id: 908f3506-9b80-4534-bd73-1d076fd981b3, request: order_id='908f3506-9b80-4534-bd73-1d076fd981b3' items=[CartItem(sku='4cc0770f-91bc-4c0d-a26f-7b872f02ca94', qty=2)] atomic_update=True delay=0.0 drop=0
2026-01-05 17:22:44,538 - INFO - Failure injected for inventory reserve_stock INJECT_DELAY: 0, INJECT_DROP_RATE: 0
2026-01-05 17:22:44,540 - INFO - Request for reserve_stock successfully processed, order_id: 908f3506-9b80-4534-bd73-1d076fd981b3, result items: [{'sku': '4cc0770f-91bc-4c0d-a26f-7b872f02ca94', 'remaining': 64}], status: RESERVED
2026-01-05 17:22:45,058 - INFO - Request for reserve_stock, order_id: c465aec2-bb6f-4158-bed4-070c3e2ac6dd, request: order_id='c465aec2-bb6f-4158-bed4-070c3e2ac6dd' items=[CartItem(sku='4cc0770f-91bc-4c0d-a26f-7b872f02ca94', qty=2)] atomic_update=True delay=0.0 drop=0
2026-01-05 17:22:45,058 - INFO - Failure injected for inventory reserve_stock INJECT_DELAY: 0, INJECT_DROP_RATE: 0
2026-01-05 17:22:45,060 - INFO - Request for reserve_stock successfully processed, order_id: c465aec2-bb6f-4158-bed4-070c3e2ac6dd, result items: [{'sku': '4cc0770f-91bc-4c0d-a26f-7b872f02ca94', 'remaining': 62}], status: RESERVED
2026-01-05 17:22:45,586 - INFO - Request for reserve_stock, order_id: 125129fc-0adb-4280-834e-3488e4a13201, request: order_id='125129fc-0adb-4280-834e-3488e4a13201' items=[CartItem(sku='4cc0770f-91bc-4c0d-a26f-7b872f02ca94', qty=2)] atomic_update=True delay=0.0 drop=0
2026-01-05 17:22:45,586 - INFO - Failure injected for inventory reserve_stock INJECT_DELAY: 0, INJECT_DROP_RATE: 0
2026-01-05 17:22:45,589 - INFO - Request for reserve_stock successfully processed, order_id: 125129fc-0adb-4280-834e-3488e4a13201, result items: [{'sku': '4cc0770f-91bc-4c0d-a26f-7b872f02ca94', 'remaining': 60}], status: RESERVED
2026-01-05 17:22:46,109 - INFO - Request for reserve_stock, order_id: c5602503-4cc3-4d7f-8e67-b523251f68b2, request: order_id='c5602503-4cc3-4d7f-8e67-b523251f68b2' items=[CartItem(sku='4cc0770f-91bc-4c0d-a26f-7b872f02ca94', qty=2)] atomic_update=True delay=0.0 drop=0
2026-01-05 17:22:46,109 - INFO - Failure injected for inventory reserve_stock INJECT_DELAY: 0, INJECT_DROP_RATE: 0
2026-01-05 17:22:46,111 - INFO - Request for reserve_stock successfully processed, order_id: c5602503-4cc3-4d7f-8e67-b523251f68b2, result items: [{'sku': '4cc0770f-91bc-4c0d-a26f-7b872f02ca94', 'remaining': 58}], status: RESERVED
2026-01-05 17:22:46,637 - INFO - Request for reserve_stock, order_id: e9b5f5bb-4fa9-42f7-ad4f-5ccf19e7f48a, request: order_id='e9b5f5bb-4fa9-42f7-ad4f-5ccf19e7f48a' items=[CartItem(sku='4cc0770f-91bc-4c0d-a26f-7b872f02ca94', qty=2)] atomic_update=True delay=0.0 drop=0
2026-01-05 17:22:46,638 - INFO - Failure injected for inventory reserve_stock INJECT_DELAY: 0, INJECT_DROP_RATE: 0
2026-01-05 17:22:46,640 - INFO - Request for reserve_stock successfully processed, order_id: e9b5f5bb-4fa9-42f7-ad4f-5ccf19e7f48a, result items: [{'sku': '4cc0770f-91bc-4c0d-a26f-7b872f02ca94', 'remaining': 56}], status: RESERVED
2026-01-05 17:22:47,167 - INFO - Request for reserve_stock, order_id: 515ad97c-0aa5-49b1-adaa-6f43fcf037c9, request: order_id='515ad97c-0aa5-49b1-adaa-6f43fcf037c9' items=[CartItem(sku='4cc0770f-91bc-4c0d-a26f-7b872f02ca94', qty=2)] atomic_update=True delay=0.0 drop=0
2026-01-05 17:22:47,167 - INFO - Failure injected for inventory reserve_stock INJECT_DELAY: 0, INJECT_DROP_RATE: 0
2026-01-05 17:22:47,169 - INFO - Request for reserve_stock successfully processed, order_id: 515ad97c-0aa5-49b1-adaa-6f43fcf037c9, result items: [{'sku': '4cc0770f-91bc-4c0d-a26f-7b872f02ca94', 'remaining': 54}], status: RESERVED
2026-01-05 17:22:47,704 - INFO - Request for reserve_stock, order_id: 6c4655f6-a9c2-441e-ae6b-43ab0a823fbf, request: order_id='6c4655f6-a9c2-441e-ae6b-43ab0a823fbf' items=[CartItem(sku='4cc0770f-91bc-4c0d-a26f-7b872f02ca94', qty=2)] atomic_update=True delay=0.0 drop=0
2026-01-05 17:22:47,705 - INFO - Failure injected for inventory reserve_stock INJECT_DELAY: 0, INJECT_DROP_RATE: 0
2026-01-05 17:22:47,707 - INFO - Request for reserve_stock successfully processed, order_id: 6c4655f6-a9c2-441e-ae6b-43ab0a823fbf, result items: [{'sku': '4cc0770f-91bc-4c0d-a26f-7b872f02ca94', 'remaining': 52}], status: RESERVED
2026-01-05 17:22:48,249 - INFO - Request for reserve_stock, order_id: 2e304d62-d273-4459-9b3f-470cdaaa1aa1, request: order_id='2e304d62-d273-4459-9b3f-470cdaaa1aa1' items=[CartItem(sku='4cc0770f-91bc-4c0d-a26f-7b872f02ca94', qty=2)] atomic_update=True delay=0.0 drop=0
2026-01-05 17:22:48,249 - INFO - Failure injected for inventory reserve_stock INJECT_DELAY: 0, INJECT_DROP_RATE: 0
2026-01-05 17:22:48,251 - INFO - Request for reserve_stock successfully processed, order_id: 2e304d62-d273-4459-9b3f-470cdaaa1aa1, result items: [{'sku': '4cc0770f-91bc-4c0d-a26f-7b872f02ca94', 'remaining': 50}], status: RESERVED
2026-01-05 17:22:48,784 - INFO - Request for reserve_stock, order_id: 2d3206da-670c-45c4-87ba-b2c9c923fa59, request: order_id='2d3206da-670c-45c4-87ba-b2c9c923fa59' items=[CartItem(sku='4cc0770f-91bc-4c0d-a26f-7b872f02ca94', qty=2)] atomic_update=True delay=0.0 drop=0
2026-01-05 17:22:48,785 - INFO - Failure injected for inventory reserve_stock INJECT_DELAY: 0, INJECT_DROP_RATE: 0
2026-01-05 17:22:48,787 - INFO - Request for reserve_stock successfully processed, order_id: 2d3206da-670c-45c4-87ba-b2c9c923fa59, result items: [{'sku': '4cc0770f-91bc-4c0d-a26f-7b872f02ca94', 'remaining': 48}], status: RESERVED
2026-01-05 17:22:49,315 - INFO - Request for reserve_stock, order_id: 43c83a39-4f72-4879-a7dd-458df276f14c, request: order_id='43c83a39-4f72-4879-a7dd-458df276f14c' items=[CartItem(sku='4cc0770f-91bc-4c0d-a26f-7b872f02ca94', qty=2)] atomic_update=True delay=0.0 drop=0
2026-01-05 17:22:49,315 - INFO - Failure injected for inventory reserve_stock INJECT_DELAY: 0, INJECT_DROP_RATE: 0
2026-01-05 17:22:49,317 - INFO - Request for reserve_stock successfully processed, order_id: 43c83a39-4f72-4879-a7dd-458df276f14c, result items: [{'sku': '4cc0770f-91bc-4c0d-a26f-7b872f02ca94', 'remaining': 46}], status: RESERVED
2026-01-05 17:22:49,845 - INFO - Request for reserve_stock, order_id: 58e39dd0-c03f-4021-b802-19e2a543d9b5, request: order_id='58e39dd0-c03f-4021-b802-19e2a543d9b5' items=[CartItem(sku='4cc0770f-91bc-4c0d-a26f-7b872f02ca94', qty=2)] atomic_update=True delay=0.0 drop=0
2026-01-05 17:22:49,845 - INFO - Failure injected for inventory reserve_stock INJECT_DELAY: 0, INJECT_DROP_RATE: 0
2026-01-05 17:22:49,848 - INFO - Request for reserve_stock successfully processed, order_id: 58e39dd0-c03f-4021-b802-19e2a543d9b5, result items: [{'sku': '4cc0770f-91bc-4c0d-a26f-7b872f02ca94', 'remaining': 44}], status: RESERVED
2026-01-05 17:22:50,383 - INFO - Request for reserve_stock, order_id: 9b786d4c-dd8f-4fb4-b359-0e3f37504415, request: order_id='9b786d4c-dd8f-4fb4-b359-0e3f37504415' items=[CartItem(sku='4cc0770f-91bc-4c0d-a26f-7b872f02ca94', qty=2)] atomic_update=True delay=0.0 drop=0
2026-01-05 17:22:50,383 - INFO - Failure injected for inventory reserve_stock INJECT_DELAY: 0, INJECT_DROP_RATE: 0
2026-01-05 17:22:50,386 - INFO - Request for reserve_stock successfully processed, order_id: 9b786d4c-dd8f-4fb4-b359-0e3f37504415, result items: [{'sku': '4cc0770f-91bc-4c0d-a26f-7b872f02ca94', 'remaining': 42}], status: RESERVED
2026-01-05 17:22:50,903 - INFO - Request for reserve_stock, order_id: 936c547d-5fa8-4786-91ff-91743a0c24fd, request: order_id='936c547d-5fa8-4786-91ff-91743a0c24fd' items=[CartItem(sku='4cc0770f-91bc-4c0d-a26f-7b872f02ca94', qty=2)] atomic_update=True delay=0.0 drop=0
2026-01-05 17:22:50,904 - INFO - Failure injected for inventory reserve_stock INJECT_DELAY: 0, INJECT_DROP_RATE: 0
2026-01-05 17:22:50,905 - INFO - Request for reserve_stock successfully processed, order_id: 936c547d-5fa8-4786-91ff-91743a0c24fd, result items: [{'sku': '4cc0770f-91bc-4c0d-a26f-7b872f02ca94', 'remaining': 40}], status: RESERVED
2026-01-05 17:22:51,442 - INFO - Request for reserve_stock, order_id: bd86ef13-8bb5-4edd-a934-50d47e722ceb, request: order_id='bd86ef13-8bb5-4edd-a934-50d47e722ceb' items=[CartItem(sku='4cc0770f-91bc-4c0d-a26f-7b872f02ca94', qty=2)] atomic_update=True delay=0.0 drop=0
2026-01-05 17:22:51,442 - INFO - Failure injected for inventory reserve_stock INJECT_DELAY: 0, INJECT_DROP_RATE: 0
2026-01-05 17:22:51,444 - INFO - Request for reserve_stock successfully processed, order_id: bd86ef13-8bb5-4edd-a934-50d47e722ceb, result items: [{'sku': '4cc0770f-91bc-4c0d-a26f-7b872f02ca94', 'remaining': 38}], status: RESERVED
2026-01-05 17:22:51,995 - INFO - Request for reserve_stock, order_id: 373b456a-772d-455e-bd80-8eb39d68edb9, request: order_id='373b456a-772d-455e-bd80-8eb39d68edb9' items=[CartItem(sku='4cc0770f-91bc-4c0d-a26f-7b872f02ca94', qty=2)] atomic_update=True delay=0.0 drop=0
2026-01-05 17:22:51,995 - INFO - Failure injected for inventory reserve_stock INJECT_DELAY: 0, INJECT_DROP_RATE: 0
2026-01-05 17:22:52,000 - INFO - Request for reserve_stock successfully processed, order_id: 373b456a-772d-455e-bd80-8eb39d68edb9, result items: [{'sku': '4cc0770f-91bc-4c0d-a26f-7b872f02ca94', 'remaining': 36}], status: RESERVED
2026-01-05 17:22:52,558 - INFO - Request for reserve_stock, order_id: fea12d30-7300-4648-ae8f-19a04709f78c, request: order_id='fea12d30-7300-4648-ae8f-19a04709f78c' items=[CartItem(sku='4cc0770f-91bc-4c0d-a26f-7b872f02ca94', qty=2)] atomic_update=True delay=0.0 drop=0
2026-01-05 17:22:52,558 - INFO - Failure injected for inventory reserve_stock INJECT_DELAY: 0, INJECT_DROP_RATE: 0
2026-01-05 17:22:52,561 - INFO - Request for reserve_stock successfully processed, order_id: fea12d30-7300-4648-ae8f-19a04709f78c, result items: [{'sku': '4cc0770f-91bc-4c0d-a26f-7b872f02ca94', 'remaining': 34}], status: RESERVED
2026-01-05 17:22:53,090 - INFO - Request for reserve_stock, order_id: 999e4b41-f80a-4774-addc-a58482deaf1d, request: order_id='999e4b41-f80a-4774-addc-a58482deaf1d' items=[CartItem(sku='4cc0770f-91bc-4c0d-a26f-7b872f02ca94', qty=2)] atomic_update=True delay=0.0 drop=0
2026-01-05 17:22:53,090 - INFO - Failure injected for inventory reserve_stock INJECT_DELAY: 0, INJECT_DROP_RATE: 0
2026-01-05 17:22:53,093 - INFO - Request for reserve_stock successfully processed, order_id: 999e4b41-f80a-4774-addc-a58482deaf1d, result items: [{'sku': '4cc0770f-91bc-4c0d-a26f-7b872f02ca94', 'remaining': 32}], status: RESERVED
2026-01-05 17:22:53,612 - INFO - Request for reserve_stock, order_id: 5b9fbaa7-6b9f-4e09-813d-9652993a8c18, request: order_id='5b9fbaa7-6b9f-4e09-813d-9652993a8c18' items=[CartItem(sku='4cc0770f-91bc-4c0d-a26f-7b872f02ca94', qty=2)] atomic_update=True delay=0.0 drop=0
2026-01-05 17:22:53,612 - INFO - Failure injected for inventory reserve_stock INJECT_DELAY: 0, INJECT_DROP_RATE: 0
2026-01-05 17:22:53,614 - INFO - Request for reserve_stock successfully processed, order_id: 5b9fbaa7-6b9f-4e09-813d-9652993a8c18, result items: [{'sku': '4cc0770f-91bc-4c0d-a26f-7b872f02ca94', 'remaining': 30}], status: RESERVED
2026-01-05 17:22:54,132 - INFO - Request for reserve_stock, order_id: 8eab969a-2b99-44e3-9e80-514106475bf0, request: order_id='8eab969a-2b99-44e3-9e80-514106475bf0' items=[CartItem(sku='4cc0770f-91bc-4c0d-a26f-7b872f02ca94', qty=2)] atomic_update=True delay=0.0 drop=0
2026-01-05 17:22:54,132 - INFO - Failure injected for inventory reserve_stock INJECT_DELAY: 0, INJECT_DROP_RATE: 0
2026-01-05 17:22:54,134 - INFO - Request for reserve_stock successfully processed, order_id: 8eab969a-2b99-44e3-9e80-514106475bf0, result items: [{'sku': '4cc0770f-91bc-4c0d-a26f-7b872f02ca94', 'remaining': 28}], status: RESERVED
2026-01-05 17:22:54,661 - INFO - Request for reserve_stock, order_id: cefc5205-da5e-4948-878f-a9e05b6919a3, request: order_id='cefc5205-da5e-4948-878f-a9e05b6919a3' items=[CartItem(sku='4cc0770f-91bc-4c0d-a26f-7b872f02ca94', qty=2)] atomic_update=True delay=0.0 drop=0
2026-01-05 17:22:54,661 - INFO - Failure injected for inventory reserve_stock INJECT_DELAY: 0, INJECT_DROP_RATE: 0
2026-01-05 17:22:54,664 - INFO - Request for reserve_stock successfully processed, order_id: cefc5205-da5e-4948-878f-a9e05b6919a3, result items: [{'sku': '4cc0770f-91bc-4c0d-a26f-7b872f02ca94', 'remaining': 26}], status: RESERVED
2026-01-05 17:22:55,187 - INFO - Request for reserve_stock, order_id: f266b433-57a0-499a-91ec-0d67895b8545, request: order_id='f266b433-57a0-499a-91ec-0d67895b8545' items=[CartItem(sku='4cc0770f-91bc-4c0d-a26f-7b872f02ca94', qty=2)] atomic_update=True delay=0.0 drop=0
2026-01-05 17:22:55,187 - INFO - Failure injected for inventory reserve_stock INJECT_DELAY: 0, INJECT_DROP_RATE: 0
2026-01-05 17:22:55,189 - INFO - Request for reserve_stock successfully processed, order_id: f266b433-57a0-499a-91ec-0d67895b8545, result items: [{'sku': '4cc0770f-91bc-4c0d-a26f-7b872f02ca94', 'remaining': 24}], status: RESERVED
2026-01-05 17:22:55,715 - INFO - Request for reserve_stock, order_id: f0fef904-06d4-4d08-bc39-ad891eb879a5, request: order_id='f0fef904-06d4-4d08-bc39-ad891eb879a5' items=[CartItem(sku='4cc0770f-91bc-4c0d-a26f-7b872f02ca94', qty=2)] atomic_update=True delay=0.0 drop=0
2026-01-05 17:22:55,715 - INFO - Failure injected for inventory reserve_stock INJECT_DELAY: 0, INJECT_DROP_RATE: 0
2026-01-05 17:22:55,717 - INFO - Request for reserve_stock successfully processed, order_id: f0fef904-06d4-4d08-bc39-ad891eb879a5, result items: [{'sku': '4cc0770f-91bc-4c0d-a26f-7b872f02ca94', 'remaining': 22}], status: RESERVED
2026-01-05 17:22:56,254 - INFO - Request for reserve_stock, order_id: 7488c977-44c5-4bd5-9a0b-618b4128b4a4, request: order_id='7488c977-44c5-4bd5-9a0b-618b4128b4a4' items=[CartItem(sku='4cc0770f-91bc-4c0d-a26f-7b872f02ca94', qty=2)] atomic_update=True delay=0.0 drop=0
2026-01-05 17:22:56,254 - INFO - Failure injected for inventory reserve_stock INJECT_DELAY: 0, INJECT_DROP_RATE: 0
2026-01-05 17:22:56,257 - INFO - Request for reserve_stock successfully processed, order_id: 7488c977-44c5-4bd5-9a0b-618b4128b4a4, result items: [{'sku': '4cc0770f-91bc-4c0d-a26f-7b872f02ca94', 'remaining': 20}], status: RESERVED
2026-01-05 17:22:56,793 - INFO - Request for reserve_stock, order_id: d0826af2-3cfb-4670-9293-250b2ce8d157, request: order_id='d0826af2-3cfb-4670-9293-250b2ce8d157' items=[CartItem(sku='4cc0770f-91bc-4c0d-a26f-7b872f02ca94', qty=2)] atomic_update=True delay=0.0 drop=0
2026-01-05 17:22:56,793 - INFO - Failure injected for inventory reserve_stock INJECT_DELAY: 0, INJECT_DROP_RATE: 0
2026-01-05 17:22:56,796 - INFO - Request for reserve_stock successfully processed, order_id: d0826af2-3cfb-4670-9293-250b2ce8d157, result items: [{'sku': '4cc0770f-91bc-4c0d-a26f-7b872f02ca94', 'remaining': 18}], status: RESERVED
2026-01-05 17:22:57,331 - INFO - Request for reserve_stock, order_id: 49d59814-7bc2-4e45-b2a2-28f26007eee0, request: order_id='49d59814-7bc2-4e45-b2a2-28f26007eee0' items=[CartItem(sku='4cc0770f-91bc-4c0d-a26f-7b872f02ca94', qty=2)] atomic_update=True delay=0.0 drop=0
2026-01-05 17:22:57,331 - INFO - Failure injected for inventory reserve_stock INJECT_DELAY: 0, INJECT_DROP_RATE: 0
2026-01-05 17:22:57,334 - INFO - Request for reserve_stock successfully processed, order_id: 49d59814-7bc2-4e45-b2a2-28f26007eee0, result items: [{'sku': '4cc0770f-91bc-4c0d-a26f-7b872f02ca94', 'remaining': 16}], status: RESERVED
2026-01-05 17:22:57,859 - INFO - Request for reserve_stock, order_id: afe1b79a-8555-43cf-b878-e1a960936879, request: order_id='afe1b79a-8555-43cf-b878-e1a960936879' items=[CartItem(sku='4cc0770f-91bc-4c0d-a26f-7b872f02ca94', qty=2)] atomic_update=True delay=0.0 drop=0
2026-01-05 17:22:57,859 - INFO - Failure injected for inventory reserve_stock INJECT_DELAY: 0, INJECT_DROP_RATE: 0
2026-01-05 17:22:57,861 - INFO - Request for reserve_stock successfully processed, order_id: afe1b79a-8555-43cf-b878-e1a960936879, result items: [{'sku': '4cc0770f-91bc-4c0d-a26f-7b872f02ca94', 'remaining': 14}], status: RESERVED
2026-01-05 17:22:58,387 - INFO - Request for reserve_stock, order_id: d99e0af5-5e54-4d61-9883-9aac3768fee7, request: order_id='d99e0af5-5e54-4d61-9883-9aac3768fee7' items=[CartItem(sku='4cc0770f-91bc-4c0d-a26f-7b872f02ca94', qty=2)] atomic_update=True delay=0.0 drop=0
2026-01-05 17:22:58,387 - INFO - Failure injected for inventory reserve_stock INJECT_DELAY: 0, INJECT_DROP_RATE: 0
2026-01-05 17:22:58,389 - INFO - Request for reserve_stock successfully processed, order_id: d99e0af5-5e54-4d61-9883-9aac3768fee7, result items: [{'sku': '4cc0770f-91bc-4c0d-a26f-7b872f02ca94', 'remaining': 12}], status: RESERVED
2026-01-05 17:22:58,924 - INFO - Request for reserve_stock, order_id: 28bdfc70-cea8-4aed-b194-930e35f4eb64, request: order_id='28bdfc70-cea8-4aed-b194-930e35f4eb64' items=[CartItem(sku='4cc0770f-91bc-4c0d-a26f-7b872f02ca94', qty=2)] atomic_update=True delay=0.0 drop=0
2026-01-05 17:22:58,924 - INFO - Failure injected for inventory reserve_stock INJECT_DELAY: 0, INJECT_DROP_RATE: 0
2026-01-05 17:22:58,926 - INFO - Request for reserve_stock successfully processed, order_id: 28bdfc70-cea8-4aed-b194-930e35f4eb64, result items: [{'sku': '4cc0770f-91bc-4c0d-a26f-7b872f02ca94', 'remaining': 10}], status: RESERVED
2026-01-05 17:22:59,453 - INFO - Request for reserve_stock, order_id: 6bd986cf-dd41-4d82-b0d5-c51ac83956cd, request: order_id='6bd986cf-dd41-4d82-b0d5-c51ac83956cd' items=[CartItem(sku='4cc0770f-91bc-4c0d-a26f-7b872f02ca94', qty=2)] atomic_update=True delay=0.0 drop=0
2026-01-05 17:22:59,453 - INFO - Failure injected for inventory reserve_stock INJECT_DELAY: 0, INJECT_DROP_RATE: 0
2026-01-05 17:22:59,455 - INFO - Request for reserve_stock successfully processed, order_id: 6bd986cf-dd41-4d82-b0d5-c51ac83956cd, result items: [{'sku': '4cc0770f-91bc-4c0d-a26f-7b872f02ca94', 'remaining': 8}], status: RESERVED
2026-01-05 17:22:59,982 - INFO - Request for reserve_stock, order_id: 76a4cf53-67aa-43f4-8086-fd21cc11cdbe, request: order_id='76a4cf53-67aa-43f4-8086-fd21cc11cdbe' items=[CartItem(sku='4cc0770f-91bc-4c0d-a26f-7b872f02ca94', qty=2)] atomic_update=True delay=0.0 drop=0
2026-01-05 17:22:59,982 - INFO - Failure injected for inventory reserve_stock INJECT_DELAY: 0, INJECT_DROP_RATE: 0
2026-01-05 17:22:59,985 - INFO - Request for reserve_stock successfully processed, order_id: 76a4cf53-67aa-43f4-8086-fd21cc11cdbe, result items: [{'sku': '4cc0770f-91bc-4c0d-a26f-7b872f02ca94', 'remaining': 6}], status: RESERVED
2026-01-05 17:23:00,510 - INFO - Request for reserve_stock, order_id: 3ad450b7-2a70-459d-8e8c-9dd9fba5f10e, request: order_id='3ad450b7-2a70-459d-8e8c-9dd9fba5f10e' items=[CartItem(sku='4cc0770f-91bc-4c0d-a26f-7b872f02ca94', qty=2)] atomic_update=True delay=0.0 drop=0
2026-01-05 17:23:00,510 - INFO - Failure injected for inventory reserve_stock INJECT_DELAY: 0, INJECT_DROP_RATE: 0
2026-01-05 17:23:00,512 - INFO - Request for reserve_stock successfully processed, order_id: 3ad450b7-2a70-459d-8e8c-9dd9fba5f10e, result items: [{'sku': '4cc0770f-91bc-4c0d-a26f-7b872f02ca94', 'remaining': 4}], status: RESERVED
2026-01-05 17:23:01,048 - INFO - Request for reserve_stock, order_id: f077e2f4-5d96-477f-a3de-776b164c13e6, request: order_id='f077e2f4-5d96-477f-a3de-776b164c13e6' items=[CartItem(sku='4cc0770f-91bc-4c0d-a26f-7b872f02ca94', qty=2)] atomic_update=True delay=0.0 drop=0
2026-01-05 17:23:01,048 - INFO - Failure injected for inventory reserve_stock INJECT_DELAY: 0, INJECT_DROP_RATE: 0
2026-01-05 17:23:01,051 - INFO - Request for reserve_stock successfully processed, order_id: f077e2f4-5d96-477f-a3de-776b164c13e6, result items: [{'sku': '4cc0770f-91bc-4c0d-a26f-7b872f02ca94', 'remaining': 2}], status: RESERVED
2026-01-05 17:23:01,570 - INFO - Request for reserve_stock, order_id: 7d338783-78fa-433d-8209-dadec5ca0c22, request: order_id='7d338783-78fa-433d-8209-dadec5ca0c22' items=[CartItem(sku='4cc0770f-91bc-4c0d-a26f-7b872f02ca94', qty=2)] atomic_update=True delay=0.0 drop=0
2026-01-05 17:23:01,570 - INFO - Failure injected for inventory reserve_stock INJECT_DELAY: 0, INJECT_DROP_RATE: 0
2026-01-05 17:23:01,572 - INFO - Request for reserve_stock successfully processed, order_id: 7d338783-78fa-433d-8209-dadec5ca0c22, result items: [{'sku': '4cc0770f-91bc-4c0d-a26f-7b872f02ca94', 'remaining': 0}], status: RESERVED
2026-01-05 17:23:02,093 - INFO - Request for reserve_stock, order_id: 2992dba7-befa-46fa-8172-b78e6d0bf3df, request: order_id='2992dba7-befa-46fa-8172-b78e6d0bf3df' items=[CartItem(sku='4cc0770f-91bc-4c0d-a26f-7b872f02ca94', qty=2)] atomic_update=True delay=0.0 drop=0
2026-01-05 17:23:02,093 - INFO - Failure injected for inventory reserve_stock INJECT_DELAY: 0, INJECT_DROP_RATE: 0
2026-01-05 17:23:02,094 - INFO - Request for reserve_stock successfully processed, order_id: 2992dba7-befa-46fa-8172-b78e6d0bf3df, failed_sku: 4cc0770f-91bc-4c0d-a26f-7b872f02ca94, status: OUT_OF_STOCK
2026-01-05 17:23:02,094 - ERROR - Exception in Request for reserve_stock, order_id: 2992dba7-befa-46fa-8172-b78e6d0bf3df, status: OUT_OF_STOCK, Error: Out of stock: 4cc0770f-91bc-4c0d-a26f-7b872f02ca94
2026-01-05 17:23:02,106 - INFO - Request for reserve_stock, order_id: 1ce71b73-61e3-419e-ab11-1eaf332bbbd3, request: order_id='1ce71b73-61e3-419e-ab11-1eaf332bbbd3' items=[CartItem(sku='4cc0770f-91bc-4c0d-a26f-7b872f02ca94', qty=2)] atomic_update=True delay=0.0 drop=0
2026-01-05 17:23:02,106 - INFO - Failure injected for inventory reserve_stock INJECT_DELAY: 0, INJECT_DROP_RATE: 0
2026-01-05 17:23:02,108 - INFO - Request for reserve_stock successfully processed, order_id: 1ce71b73-61e3-419e-ab11-1eaf332bbbd3, failed_sku: 4cc0770f-91bc-4c0d-a26f-7b872f02ca94, status: OUT_OF_STOCK
2026-01-05 17:23:02,108 - ERROR - Exception in Request for reserve_stock, order_id: 1ce71b73-61e3-419e-ab11-1eaf332bbbd3, status: OUT_OF_STOCK, Error: Out of stock: 4cc0770f-91bc-4c0d-a26f-7b872f02ca94
2026-01-05 17:23:02,140 - INFO - Request for reserve_stock, order_id: ea8e79d4-1384-4d32-a694-385f04257e19, request: order_id='ea8e79d4-1384-4d32-a694-385f04257e19' items=[CartItem(sku='4cc0770f-91bc-4c0d-a26f-7b872f02ca94', qty=2)] atomic_update=True delay=0.0 drop=0
2026-01-05 17:23:02,140 - INFO - Failure injected for inventory reserve_stock INJECT_DELAY: 0, INJECT_DROP_RATE: 0
2026-01-05 17:23:02,141 - INFO - Request for reserve_stock successfully processed, order_id: ea8e79d4-1384-4d32-a694-385f04257e19, failed_sku: 4cc0770f-91bc-4c0d-a26f-7b872f02ca94, status: OUT_OF_STOCK
2026-01-05 17:23:02,141 - ERROR - Exception in Request for reserve_stock, order_id: ea8e79d4-1384-4d32-a694-385f04257e19, status: OUT_OF_STOCK, Error: Out of stock: 4cc0770f-91bc-4c0d-a26f-7b872f02ca94
2026-01-05 17:23:02,155 - INFO - Request for reserve_stock, order_id: 4b2dcabf-c99b-4aef-a05b-5234e6be5f23, request: order_id='4b2dcabf-c99b-4aef-a05b-5234e6be5f23' items=[CartItem(sku='4cc0770f-91bc-4c0d-a26f-7b872f02ca94', qty=2)] atomic_update=True delay=0.0 drop=0
2026-01-05 17:23:02,156 - INFO - Failure injected for inventory reserve_stock INJECT_DELAY: 0, INJECT_DROP_RATE: 0
2026-01-05 17:23:02,157 - INFO - Request for reserve_stock successfully processed, order_id: 4b2dcabf-c99b-4aef-a05b-5234e6be5f23, failed_sku: 4cc0770f-91bc-4c0d-a26f-7b872f02ca94, status: OUT_OF_STOCK
2026-01-05 17:23:02,157 - ERROR - Exception in Request for reserve_stock, order_id: 4b2dcabf-c99b-4aef-a05b-5234e6be5f23, status: OUT_OF_STOCK, Error: Out of stock: 4cc0770f-91bc-4c0d-a26f-7b872f02ca94
2026-01-05 17:23:02,166 - INFO - Request for reserve_stock, order_id: 8f331c83-fba7-499e-8cd9-b268cbef06a8, request: order_id='8f331c83-fba7-499e-8cd9-b268cbef06a8' items=[CartItem(sku='4cc0770f-91bc-4c0d-a26f-7b872f02ca94', qty=2)] atomic_update=True delay=0.0 drop=0
2026-01-05 17:23:02,166 - INFO - Failure injected for inventory reserve_stock INJECT_DELAY: 0, INJECT_DROP_RATE: 0
2026-01-05 17:23:02,167 - INFO - Request for reserve_stock successfully processed, order_id: 8f331c83-fba7-499e-8cd9-b268cbef06a8, failed_sku: 4cc0770f-91bc-4c0d-a26f-7b872f02ca94, status: OUT_OF_STOCK
2026-01-05 17:23:02,167 - ERROR - Exception in Request for reserve_stock, order_id: 8f331c83-fba7-499e-8cd9-b268cbef06a8, status: OUT_OF_STOCK, Error: Out of stock: 4cc0770f-91bc-4c0d-a26f-7b872f02ca94
2026-01-05 17:23:02,183 - INFO - Request for reserve_stock, order_id: 2fc0ffbb-550f-4b20-8169-e7eda91e000f, request: order_id='2fc0ffbb-550f-4b20-8169-e7eda91e000f' items=[CartItem(sku='4cc0770f-91bc-4c0d-a26f-7b872f02ca94', qty=2)] atomic_update=True delay=0.0 drop=0
2026-01-05 17:23:02,184 - INFO - Failure injected for inventory reserve_stock INJECT_DELAY: 0, INJECT_DROP_RATE: 0
2026-01-05 17:23:02,185 - INFO - Request for reserve_stock successfully processed, order_id: 2fc0ffbb-550f-4b20-8169-e7eda91e000f, failed_sku: 4cc0770f-91bc-4c0d-a26f-7b872f02ca94, status: OUT_OF_STOCK
2026-01-05 17:23:02,185 - ERROR - Exception in Request for reserve_stock, order_id: 2fc0ffbb-550f-4b20-8169-e7eda91e000f, status: OUT_OF_STOCK, Error: Out of stock: 4cc0770f-91bc-4c0d-a26f-7b872f02ca94
2026-01-05 17:23:02,193 - INFO - Request for reserve_stock, order_id: 4dc5d128-3e38-4449-b292-c25f99dc283c, request: order_id='4dc5d128-3e38-4449-b292-c25f99dc283c' items=[CartItem(sku='4cc0770f-91bc-4c0d-a26f-7b872f02ca94', qty=2)] atomic_update=True delay=0.0 drop=0
2026-01-05 17:23:02,193 - INFO - Failure injected for inventory reserve_stock INJECT_DELAY: 0, INJECT_DROP_RATE: 0
2026-01-05 17:23:02,194 - INFO - Request for reserve_stock successfully processed, order_id: 4dc5d128-3e38-4449-b292-c25f99dc283c, failed_sku: 4cc0770f-91bc-4c0d-a26f-7b872f02ca94, status: OUT_OF_STOCK
2026-01-05 17:23:02,194 - ERROR - Exception in Request for reserve_stock, order_id: 4dc5d128-3e38-4449-b292-c25f99dc283c, status: OUT_OF_STOCK, Error: Out of stock: 4cc0770f-91bc-4c0d-a26f-7b872f02ca94
2026-01-05 17:23:02,218 - INFO - Request for reserve_stock, order_id: f0669b3b-0cb8-43a1-9d83-2c7202baab59, request: order_id='f0669b3b-0cb8-43a1-9d83-2c7202baab59' items=[CartItem(sku='4cc0770f-91bc-4c0d-a26f-7b872f02ca94', qty=2)] atomic_update=True delay=0.0 drop=0
2026-01-05 17:23:02,219 - INFO - Failure injected for inventory reserve_stock INJECT_DELAY: 0, INJECT_DROP_RATE: 0
2026-01-05 17:23:02,220 - INFO - Request for reserve_stock successfully processed, order_id: f0669b3b-0cb8-43a1-9d83-2c7202baab59, failed_sku: 4cc0770f-91bc-4c0d-a26f-7b872f02ca94, status: OUT_OF_STOCK
2026-01-05 17:23:02,220 - ERROR - Exception in Request for reserve_stock, order_id: f0669b3b-0cb8-43a1-9d83-2c7202baab59, status: OUT_OF_STOCK, Error: Out of stock: 4cc0770f-91bc-4c0d-a26f-7b872f02ca94
2026-01-05 17:23:02,243 - INFO - Request for reserve_stock, order_id: a7f97a8e-9179-4134-98c4-11213efacd42, request: order_id='a7f97a8e-9179-4134-98c4-11213efacd42' items=[CartItem(sku='4cc0770f-91bc-4c0d-a26f-7b872f02ca94', qty=2)] atomic_update=True delay=0.0 drop=0
2026-01-05 17:23:02,243 - INFO - Failure injected for inventory reserve_stock INJECT_DELAY: 0, INJECT_DROP_RATE: 0
2026-01-05 17:23:02,244 - INFO - Request for reserve_stock successfully processed, order_id: a7f97a8e-9179-4134-98c4-11213efacd42, failed_sku: 4cc0770f-91bc-4c0d-a26f-7b872f02ca94, status: OUT_OF_STOCK
2026-01-05 17:23:02,244 - ERROR - Exception in Request for reserve_stock, order_id: a7f97a8e-9179-4134-98c4-11213efacd42, status: OUT_OF_STOCK, Error: Out of stock: 4cc0770f-91bc-4c0d-a26f-7b872f02ca94
2026-01-05 17:23:02,268 - INFO - Request for reserve_stock, order_id: 0ca9087a-a6fd-4821-9342-f35622f3bbd9, request: order_id='0ca9087a-a6fd-4821-9342-f35622f3bbd9' items=[CartItem(sku='4cc0770f-91bc-4c0d-a26f-7b872f02ca94', qty=2)] atomic_update=True delay=0.0 drop=0
2026-01-05 17:23:02,268 - INFO - Failure injected for inventory reserve_stock INJECT_DELAY: 0, INJECT_DROP_RATE: 0
2026-01-05 17:23:02,269 - INFO - Request for reserve_stock successfully processed, order_id: 0ca9087a-a6fd-4821-9342-f35622f3bbd9, failed_sku: 4cc0770f-91bc-4c0d-a26f-7b872f02ca94, status: OUT_OF_STOCK
2026-01-05 17:23:02,270 - ERROR - Exception in Request for reserve_stock, order_id: 0ca9087a-a6fd-4821-9342-f35622f3bbd9, status: OUT_OF_STOCK, Error: Out of stock: 4cc0770f-91bc-4c0d-a26f-7b872f02ca94
2026-01-05 17:23:02,276 - INFO - Request for reserve_stock, order_id: 1fed31b6-beb2-422b-9df0-381a7fbb69b5, request: order_id='1fed31b6-beb2-422b-9df0-381a7fbb69b5' items=[CartItem(sku='4cc0770f-91bc-4c0d-a26f-7b872f02ca94', qty=2)] atomic_update=True delay=0.0 drop=0
2026-01-05 17:23:02,276 - INFO - Failure injected for inventory reserve_stock INJECT_DELAY: 0, INJECT_DROP_RATE: 0
2026-01-05 17:23:02,277 - INFO - Request for reserve_stock successfully processed, order_id: 1fed31b6-beb2-422b-9df0-381a7fbb69b5, failed_sku: 4cc0770f-91bc-4c0d-a26f-7b872f02ca94, status: OUT_OF_STOCK
2026-01-05 17:23:02,277 - ERROR - Exception in Request for reserve_stock, order_id: 1fed31b6-beb2-422b-9df0-381a7fbb69b5, status: OUT_OF_STOCK, Error: Out of stock: 4cc0770f-91bc-4c0d-a26f-7b872f02ca94
2026-01-05 17:23:02,284 - INFO - Request for reserve_stock, order_id: 1c699564-c07c-4986-bceb-c2a6173ce928, request: order_id='1c699564-c07c-4986-bceb-c2a6173ce928' items=[CartItem(sku='4cc0770f-91bc-4c0d-a26f-7b872f02ca94', qty=2)] atomic_update=True delay=0.0 drop=0
2026-01-05 17:23:02,284 - INFO - Failure injected for inventory reserve_stock INJECT_DELAY: 0, INJECT_DROP_RATE: 0
2026-01-05 17:23:02,285 - INFO - Request for reserve_stock successfully processed, order_id: 1c699564-c07c-4986-bceb-c2a6173ce928, failed_sku: 4cc0770f-91bc-4c0d-a26f-7b872f02ca94, status: OUT_OF_STOCK
2026-01-05 17:23:02,285 - ERROR - Exception in Request for reserve_stock, order_id: 1c699564-c07c-4986-bceb-c2a6173ce928, status: OUT_OF_STOCK, Error: Out of stock: 4cc0770f-91bc-4c0d-a26f-7b872f02ca94
2026-01-05 17:23:02,295 - INFO - Request for reserve_stock, order_id: ff18befa-db0d-4c86-b5f9-a99b617a49a3, request: order_id='ff18befa-db0d-4c86-b5f9-a99b617a49a3' items=[CartItem(sku='4cc0770f-91bc-4c0d-a26f-7b872f02ca94', qty=2)] atomic_update=True delay=0.0 drop=0
2026-01-05 17:23:02,295 - INFO - Failure injected for inventory reserve_stock INJECT_DELAY: 0, INJECT_DROP_RATE: 0
2026-01-05 17:23:02,297 - INFO - Request for reserve_stock successfully processed, order_id: ff18befa-db0d-4c86-b5f9-a99b617a49a3, failed_sku: 4cc0770f-91bc-4c0d-a26f-7b872f02ca94, status: OUT_OF_STOCK
2026-01-05 17:23:02,297 - ERROR - Exception in Request for reserve_stock, order_id: ff18befa-db0d-4c86-b5f9-a99b617a49a3, status: OUT_OF_STOCK, Error: Out of stock: 4cc0770f-91bc-4c0d-a26f-7b872f02ca94
2026-01-05 17:23:02,323 - INFO - Request for reserve_stock, order_id: 7793c3d9-e902-4670-b362-14f723b5e1f7, request: order_id='7793c3d9-e902-4670-b362-14f723b5e1f7' items=[CartItem(sku='4cc0770f-91bc-4c0d-a26f-7b872f02ca94', qty=2)] atomic_update=True delay=0.0 drop=0
2026-01-05 17:23:02,323 - INFO - Failure injected for inventory reserve_stock INJECT_DELAY: 0, INJECT_DROP_RATE: 0
2026-01-05 17:23:02,324 - INFO - Request for reserve_stock successfully processed, order_id: 7793c3d9-e902-4670-b362-14f723b5e1f7, failed_sku: 4cc0770f-91bc-4c0d-a26f-7b872f02ca94, status: OUT_OF_STOCK
2026-01-05 17:23:02,325 - ERROR - Exception in Request for reserve_stock, order_id: 7793c3d9-e902-4670-b362-14f723b5e1f7, status: OUT_OF_STOCK, Error: Out of stock: 4cc0770f-91bc-4c0d-a26f-7b872f02ca94
2026-01-05 17:23:02,364 - INFO - Request for reserve_stock, order_id: 52ce0225-70c9-4b41-8528-4402a11490dc, request: order_id='52ce0225-70c9-4b41-8528-4402a11490dc' items=[CartItem(sku='4cc0770f-91bc-4c0d-a26f-7b872f02ca94', qty=2)] atomic_update=True delay=0.0 drop=0
2026-01-05 17:23:02,365 - INFO - Failure injected for inventory reserve_stock INJECT_DELAY: 0, INJECT_DROP_RATE: 0
2026-01-05 17:23:02,366 - INFO - Request for reserve_stock successfully processed, order_id: 52ce0225-70c9-4b41-8528-4402a11490dc, failed_sku: 4cc0770f-91bc-4c0d-a26f-7b872f02ca94, status: OUT_OF_STOCK
2026-01-05 17:23:02,366 - ERROR - Exception in Request for reserve_stock, order_id: 52ce0225-70c9-4b41-8528-4402a11490dc, status: OUT_OF_STOCK, Error: Out of stock: 4cc0770f-91bc-4c0d-a26f-7b872f02ca94
2026-01-05 17:23:02,375 - INFO - Request for reserve_stock, order_id: 1ad4bef6-011d-4e69-a17f-1149dd20db0f, request: order_id='1ad4bef6-011d-4e69-a17f-1149dd20db0f' items=[CartItem(sku='4cc0770f-91bc-4c0d-a26f-7b872f02ca94', qty=2)] atomic_update=True delay=0.0 drop=0
2026-01-05 17:23:02,375 - INFO - Failure injected for inventory reserve_stock INJECT_DELAY: 0, INJECT_DROP_RATE: 0
2026-01-05 17:23:02,376 - INFO - Request for reserve_stock successfully processed, order_id: 1ad4bef6-011d-4e69-a17f-1149dd20db0f, failed_sku: 4cc0770f-91bc-4c0d-a26f-7b872f02ca94, status: OUT_OF_STOCK
2026-01-05 17:23:02,376 - ERROR - Exception in Request for reserve_stock, order_id: 1ad4bef6-011d-4e69-a17f-1149dd20db0f, status: OUT_OF_STOCK, Error: Out of stock: 4cc0770f-91bc-4c0d-a26f-7b872f02ca94
2026-01-05 17:23:02,415 - INFO - Request for reserve_stock, order_id: 7aba5a87-bc99-46fc-8ce5-5d7202403e1d, request: order_id='7aba5a87-bc99-46fc-8ce5-5d7202403e1d' items=[CartItem(sku='4cc0770f-91bc-4c0d-a26f-7b872f02ca94', qty=2)] atomic_update=True delay=0.0 drop=0
2026-01-05 17:23:02,415 - INFO - Failure injected for inventory reserve_stock INJECT_DELAY: 0, INJECT_DROP_RATE: 0
2026-01-05 17:23:02,416 - INFO - Request for reserve_stock successfully processed, order_id: 7aba5a87-bc99-46fc-8ce5-5d7202403e1d, failed_sku: 4cc0770f-91bc-4c0d-a26f-7b872f02ca94, status: OUT_OF_STOCK
2026-01-05 17:23:02,417 - ERROR - Exception in Request for reserve_stock, order_id: 7aba5a87-bc99-46fc-8ce5-5d7202403e1d, status: OUT_OF_STOCK, Error: Out of stock: 4cc0770f-91bc-4c0d-a26f-7b872f02ca94
2026-01-05 17:23:02,438 - INFO - Request for reserve_stock, order_id: 14fd781a-4fca-412f-8523-a4884b1bb709, request: order_id='14fd781a-4fca-412f-8523-a4884b1bb709' items=[CartItem(sku='4cc0770f-91bc-4c0d-a26f-7b872f02ca94', qty=2)] atomic_update=True delay=0.0 drop=0
2026-01-05 17:23:02,438 - INFO - Failure injected for inventory reserve_stock INJECT_DELAY: 0, INJECT_DROP_RATE: 0
2026-01-05 17:23:02,439 - INFO - Request for reserve_stock successfully processed, order_id: 14fd781a-4fca-412f-8523-a4884b1bb709, failed_sku: 4cc0770f-91bc-4c0d-a26f-7b872f02ca94, status: OUT_OF_STOCK
2026-01-05 17:23:02,439 - ERROR - Exception in Request for reserve_stock, order_id: 14fd781a-4fca-412f-8523-a4884b1bb709, status: OUT_OF_STOCK, Error: Out of stock: 4cc0770f-91bc-4c0d-a26f-7b872f02ca94
2026-01-05 17:23:02,454 - INFO - Request for reserve_stock, order_id: 0126070a-c901-46b5-b3b0-d8c017259c7d, request: order_id='0126070a-c901-46b5-b3b0-d8c017259c7d' items=[CartItem(sku='4cc0770f-91bc-4c0d-a26f-7b872f02ca94', qty=2)] atomic_update=True delay=0.0 drop=0
2026-01-05 17:23:02,454 - INFO - Failure injected for inventory reserve_stock INJECT_DELAY: 0, INJECT_DROP_RATE: 0
2026-01-05 17:23:02,456 - INFO - Request for reserve_stock successfully processed, order_id: 0126070a-c901-46b5-b3b0-d8c017259c7d, failed_sku: 4cc0770f-91bc-4c0d-a26f-7b872f02ca94, status: OUT_OF_STOCK
2026-01-05 17:23:02,456 - ERROR - Exception in Request for reserve_stock, order_id: 0126070a-c901-46b5-b3b0-d8c017259c7d, status: OUT_OF_STOCK, Error: Out of stock: 4cc0770f-91bc-4c0d-a26f-7b872f02ca94
2026-01-05 17:23:02,470 - INFO - Request for reserve_stock, order_id: edbbd2f0-6ca0-4af9-b1ce-15344c1bc7cb, request: order_id='edbbd2f0-6ca0-4af9-b1ce-15344c1bc7cb' items=[CartItem(sku='4cc0770f-91bc-4c0d-a26f-7b872f02ca94', qty=2)] atomic_update=True delay=0.0 drop=0
2026-01-05 17:23:02,470 - INFO - Failure injected for inventory reserve_stock INJECT_DELAY: 0, INJECT_DROP_RATE: 0
2026-01-05 17:23:02,471 - INFO - Request for reserve_stock successfully processed, order_id: edbbd2f0-6ca0-4af9-b1ce-15344c1bc7cb, failed_sku: 4cc0770f-91bc-4c0d-a26f-7b872f02ca94, status: OUT_OF_STOCK
2026-01-05 17:23:02,471 - ERROR - Exception in Request for reserve_stock, order_id: edbbd2f0-6ca0-4af9-b1ce-15344c1bc7cb, status: OUT_OF_STOCK, Error: Out of stock: 4cc0770f-91bc-4c0d-a26f-7b872f02ca94
2026-01-05 17:23:02,480 - INFO - Request for reserve_stock, order_id: 8898960a-5d59-4bf9-ae25-5bc7e9ee5b19, request: order_id='8898960a-5d59-4bf9-ae25-5bc7e9ee5b19' items=[CartItem(sku='4cc0770f-91bc-4c0d-a26f-7b872f02ca94', qty=2)] atomic_update=True delay=0.0 drop=0
2026-01-05 17:23:02,480 - INFO - Failure injected for inventory reserve_stock INJECT_DELAY: 0, INJECT_DROP_RATE: 0
2026-01-05 17:23:02,482 - INFO - Request for reserve_stock successfully processed, order_id: 8898960a-5d59-4bf9-ae25-5bc7e9ee5b19, failed_sku: 4cc0770f-91bc-4c0d-a26f-7b872f02ca94, status: OUT_OF_STOCK
2026-01-05 17:23:02,482 - ERROR - Exception in Request for reserve_stock, order_id: 8898960a-5d59-4bf9-ae25-5bc7e9ee5b19, status: OUT_OF_STOCK, Error: Out of stock: 4cc0770f-91bc-4c0d-a26f-7b872f02ca94
2026-01-05 17:23:02,512 - INFO - Request for reserve_stock, order_id: f6d1489b-92d3-4a2b-9b75-bc1a2211e8c6, request: order_id='f6d1489b-92d3-4a2b-9b75-bc1a2211e8c6' items=[CartItem(sku='4cc0770f-91bc-4c0d-a26f-7b872f02ca94', qty=2)] atomic_update=True delay=0.0 drop=0
2026-01-05 17:23:02,513 - INFO - Failure injected for inventory reserve_stock INJECT_DELAY: 0, INJECT_DROP_RATE: 0
2026-01-05 17:23:02,515 - INFO - Request for reserve_stock successfully processed, order_id: f6d1489b-92d3-4a2b-9b75-bc1a2211e8c6, failed_sku: 4cc0770f-91bc-4c0d-a26f-7b872f02ca94, status: OUT_OF_STOCK
2026-01-05 17:23:02,517 - ERROR - Exception in Request for reserve_stock, order_id: f6d1489b-92d3-4a2b-9b75-bc1a2211e8c6, status: OUT_OF_STOCK, Error: Out of stock: 4cc0770f-91bc-4c0d-a26f-7b872f02ca94
2026-01-05 17:23:02,539 - INFO - Request for reserve_stock, order_id: 80887717-2d20-4ac0-88de-5f0904629647, request: order_id='80887717-2d20-4ac0-88de-5f0904629647' items=[CartItem(sku='4cc0770f-91bc-4c0d-a26f-7b872f02ca94', qty=2)] atomic_update=True delay=0.0 drop=0
2026-01-05 17:23:02,539 - INFO - Failure injected for inventory reserve_stock INJECT_DELAY: 0, INJECT_DROP_RATE: 0
2026-01-05 17:23:02,542 - INFO - Request for reserve_stock successfully processed, order_id: 80887717-2d20-4ac0-88de-5f0904629647, failed_sku: 4cc0770f-91bc-4c0d-a26f-7b872f02ca94, status: OUT_OF_STOCK
2026-01-05 17:23:02,543 - ERROR - Exception in Request for reserve_stock, order_id: 80887717-2d20-4ac0-88de-5f0904629647, status: OUT_OF_STOCK, Error: Out of stock: 4cc0770f-91bc-4c0d-a26f-7b872f02ca94
2026-01-05 17:23:02,589 - INFO - Request for reserve_stock, order_id: 19c1f9cc-d85b-4964-a56c-84a66e372963, request: order_id='19c1f9cc-d85b-4964-a56c-84a66e372963' items=[CartItem(sku='4cc0770f-91bc-4c0d-a26f-7b872f02ca94', qty=2)] atomic_update=True delay=0.0 drop=0
2026-01-05 17:23:02,590 - INFO - Failure injected for inventory reserve_stock INJECT_DELAY: 0, INJECT_DROP_RATE: 0
2026-01-05 17:23:02,591 - INFO - Request for reserve_stock successfully processed, order_id: 19c1f9cc-d85b-4964-a56c-84a66e372963, failed_sku: 4cc0770f-91bc-4c0d-a26f-7b872f02ca94, status: OUT_OF_STOCK
2026-01-05 17:23:02,592 - ERROR - Exception in Request for reserve_stock, order_id: 19c1f9cc-d85b-4964-a56c-84a66e372963, status: OUT_OF_STOCK, Error: Out of stock: 4cc0770f-91bc-4c0d-a26f-7b872f02ca94
2026-01-05 17:23:02,604 - INFO - Request for reserve_stock, order_id: 50c9db84-93b3-4840-af09-7348dae580ba, request: order_id='50c9db84-93b3-4840-af09-7348dae580ba' items=[CartItem(sku='4cc0770f-91bc-4c0d-a26f-7b872f02ca94', qty=2)] atomic_update=True delay=0.0 drop=0
2026-01-05 17:23:02,604 - INFO - Failure injected for inventory reserve_stock INJECT_DELAY: 0, INJECT_DROP_RATE: 0
2026-01-05 17:23:02,605 - INFO - Request for reserve_stock successfully processed, order_id: 50c9db84-93b3-4840-af09-7348dae580ba, failed_sku: 4cc0770f-91bc-4c0d-a26f-7b872f02ca94, status: OUT_OF_STOCK
2026-01-05 17:23:02,605 - ERROR - Exception in Request for reserve_stock, order_id: 50c9db84-93b3-4840-af09-7348dae580ba, status: OUT_OF_STOCK, Error: Out of stock: 4cc0770f-91bc-4c0d-a26f-7b872f02ca94
2026-01-05 17:23:02,627 - INFO - Request for reserve_stock, order_id: 48a01635-60f2-46b2-9edd-c9b457dbd79a, request: order_id='48a01635-60f2-46b2-9edd-c9b457dbd79a' items=[CartItem(sku='4cc0770f-91bc-4c0d-a26f-7b872f02ca94', qty=2)] atomic_update=True delay=0.0 drop=0
2026-01-05 17:23:02,627 - INFO - Failure injected for inventory reserve_stock INJECT_DELAY: 0, INJECT_DROP_RATE: 0
2026-01-05 17:23:02,628 - INFO - Request for reserve_stock successfully processed, order_id: 48a01635-60f2-46b2-9edd-c9b457dbd79a, failed_sku: 4cc0770f-91bc-4c0d-a26f-7b872f02ca94, status: OUT_OF_STOCK
2026-01-05 17:23:02,628 - ERROR - Exception in Request for reserve_stock, order_id: 48a01635-60f2-46b2-9edd-c9b457dbd79a, status: OUT_OF_STOCK, Error: Out of stock: 4cc0770f-91bc-4c0d-a26f-7b872f02ca94
2026-01-05 17:23:02,638 - INFO - Request for reserve_stock, order_id: d4299df7-5faf-40c4-a0f0-dfc4d634f8ae, request: order_id='d4299df7-5faf-40c4-a0f0-dfc4d634f8ae' items=[CartItem(sku='4cc0770f-91bc-4c0d-a26f-7b872f02ca94', qty=2)] atomic_update=True delay=0.0 drop=0
2026-01-05 17:23:02,638 - INFO - Failure injected for inventory reserve_stock INJECT_DELAY: 0, INJECT_DROP_RATE: 0
2026-01-05 17:23:02,639 - INFO - Request for reserve_stock successfully processed, order_id: d4299df7-5faf-40c4-a0f0-dfc4d634f8ae, failed_sku: 4cc0770f-91bc-4c0d-a26f-7b872f02ca94, status: OUT_OF_STOCK
2026-01-05 17:23:02,639 - ERROR - Exception in Request for reserve_stock, order_id: d4299df7-5faf-40c4-a0f0-dfc4d634f8ae, status: OUT_OF_STOCK, Error: Out of stock: 4cc0770f-91bc-4c0d-a26f-7b872f02ca94
2026-01-05 17:23:02,654 - INFO - Request for reserve_stock, order_id: eba45715-10e4-4de9-9b81-0d03c52af301, request: order_id='eba45715-10e4-4de9-9b81-0d03c52af301' items=[CartItem(sku='4cc0770f-91bc-4c0d-a26f-7b872f02ca94', qty=2)] atomic_update=True delay=0.0 drop=0
2026-01-05 17:23:02,654 - INFO - Failure injected for inventory reserve_stock INJECT_DELAY: 0, INJECT_DROP_RATE: 0
2026-01-05 17:23:02,655 - INFO - Request for reserve_stock successfully processed, order_id: eba45715-10e4-4de9-9b81-0d03c52af301, failed_sku: 4cc0770f-91bc-4c0d-a26f-7b872f02ca94, status: OUT_OF_STOCK
2026-01-05 17:23:02,655 - ERROR - Exception in Request for reserve_stock, order_id: eba45715-10e4-4de9-9b81-0d03c52af301, status: OUT_OF_STOCK, Error: Out of stock: 4cc0770f-91bc-4c0d-a26f-7b872f02ca94
2026-01-05 17:23:02,676 - INFO - Request for reserve_stock, order_id: 7ba097b0-99ad-4c30-bb58-06661c2976ab, request: order_id='7ba097b0-99ad-4c30-bb58-06661c2976ab' items=[CartItem(sku='4cc0770f-91bc-4c0d-a26f-7b872f02ca94', qty=2)] atomic_update=True delay=0.0 drop=0
2026-01-05 17:23:02,676 - INFO - Failure injected for inventory reserve_stock INJECT_DELAY: 0, INJECT_DROP_RATE: 0
2026-01-05 17:23:02,677 - INFO - Request for reserve_stock successfully processed, order_id: 7ba097b0-99ad-4c30-bb58-06661c2976ab, failed_sku: 4cc0770f-91bc-4c0d-a26f-7b872f02ca94, status: OUT_OF_STOCK
2026-01-05 17:23:02,678 - ERROR - Exception in Request for reserve_stock, order_id: 7ba097b0-99ad-4c30-bb58-06661c2976ab, status: OUT_OF_STOCK, Error: Out of stock: 4cc0770f-91bc-4c0d-a26f-7b872f02ca94
2026-01-05 17:23:02,700 - INFO - Request for reserve_stock, order_id: 38c252ef-f543-4ebb-860f-0923be59c460, request: order_id='38c252ef-f543-4ebb-860f-0923be59c460' items=[CartItem(sku='4cc0770f-91bc-4c0d-a26f-7b872f02ca94', qty=2)] atomic_update=True delay=0.0 drop=0
2026-01-05 17:23:02,700 - INFO - Failure injected for inventory reserve_stock INJECT_DELAY: 0, INJECT_DROP_RATE: 0
2026-01-05 17:23:02,702 - INFO - Request for reserve_stock successfully processed, order_id: 38c252ef-f543-4ebb-860f-0923be59c460, failed_sku: 4cc0770f-91bc-4c0d-a26f-7b872f02ca94, status: OUT_OF_STOCK
2026-01-05 17:23:02,702 - ERROR - Exception in Request for reserve_stock, order_id: 38c252ef-f543-4ebb-860f-0923be59c460, status: OUT_OF_STOCK, Error: Out of stock: 4cc0770f-91bc-4c0d-a26f-7b872f02ca94
2026-01-05 17:23:02,728 - INFO - Request for reserve_stock, order_id: 3bdb9c72-6cd2-4a5d-a863-0b14c3b76ea7, request: order_id='3bdb9c72-6cd2-4a5d-a863-0b14c3b76ea7' items=[CartItem(sku='4cc0770f-91bc-4c0d-a26f-7b872f02ca94', qty=2)] atomic_update=True delay=0.0 drop=0
2026-01-05 17:23:02,729 - INFO - Failure injected for inventory reserve_stock INJECT_DELAY: 0, INJECT_DROP_RATE: 0
2026-01-05 17:23:02,730 - INFO - Request for reserve_stock successfully processed, order_id: 3bdb9c72-6cd2-4a5d-a863-0b14c3b76ea7, failed_sku: 4cc0770f-91bc-4c0d-a26f-7b872f02ca94, status: OUT_OF_STOCK
2026-01-05 17:23:02,730 - ERROR - Exception in Request for reserve_stock, order_id: 3bdb9c72-6cd2-4a5d-a863-0b14c3b76ea7, status: OUT_OF_STOCK, Error: Out of stock: 4cc0770f-91bc-4c0d-a26f-7b872f02ca94
2026-01-05 17:23:02,742 - INFO - Request for reserve_stock, order_id: 19040223-f811-4d60-ad75-b29580d8864e, request: order_id='19040223-f811-4d60-ad75-b29580d8864e' items=[CartItem(sku='4cc0770f-91bc-4c0d-a26f-7b872f02ca94', qty=2)] atomic_update=True delay=0.0 drop=0
2026-01-05 17:23:02,743 - INFO - Failure injected for inventory reserve_stock INJECT_DELAY: 0, INJECT_DROP_RATE: 0
2026-01-05 17:23:02,744 - INFO - Request for reserve_stock successfully processed, order_id: 19040223-f811-4d60-ad75-b29580d8864e, failed_sku: 4cc0770f-91bc-4c0d-a26f-7b872f02ca94, status: OUT_OF_STOCK
2026-01-05 17:23:02,744 - ERROR - Exception in Request for reserve_stock, order_id: 19040223-f811-4d60-ad75-b29580d8864e, status: OUT_OF_STOCK, Error: Out of stock: 4cc0770f-91bc-4c0d-a26f-7b872f02ca94
2026-01-05 17:23:02,757 - INFO - Request for reserve_stock, order_id: fa8fc5dc-cdd8-414a-a86b-e1c827a59678, request: order_id='fa8fc5dc-cdd8-414a-a86b-e1c827a59678' items=[CartItem(sku='4cc0770f-91bc-4c0d-a26f-7b872f02ca94', qty=2)] atomic_update=True delay=0.0 drop=0
2026-01-05 17:23:02,757 - INFO - Failure injected for inventory reserve_stock INJECT_DELAY: 0, INJECT_DROP_RATE: 0
2026-01-05 17:23:02,759 - INFO - Request for reserve_stock successfully processed, order_id: fa8fc5dc-cdd8-414a-a86b-e1c827a59678, failed_sku: 4cc0770f-91bc-4c0d-a26f-7b872f02ca94, status: OUT_OF_STOCK
2026-01-05 17:23:02,759 - ERROR - Exception in Request for reserve_stock, order_id: fa8fc5dc-cdd8-414a-a86b-e1c827a59678, status: OUT_OF_STOCK, Error: Out of stock: 4cc0770f-91bc-4c0d-a26f-7b872f02ca94
2026-01-05 17:23:02,780 - INFO - Request for reserve_stock, order_id: 2b8a195d-fb6c-4c97-8a77-7b9977bf2c1c, request: order_id='2b8a195d-fb6c-4c97-8a77-7b9977bf2c1c' items=[CartItem(sku='4cc0770f-91bc-4c0d-a26f-7b872f02ca94', qty=2)] atomic_update=True delay=0.0 drop=0
2026-01-05 17:23:02,781 - INFO - Failure injected for inventory reserve_stock INJECT_DELAY: 0, INJECT_DROP_RATE: 0
2026-01-05 17:23:02,782 - INFO - Request for reserve_stock successfully processed, order_id: 2b8a195d-fb6c-4c97-8a77-7b9977bf2c1c, failed_sku: 4cc0770f-91bc-4c0d-a26f-7b872f02ca94, status: OUT_OF_STOCK
2026-01-05 17:23:02,782 - ERROR - Exception in Request for reserve_stock, order_id: 2b8a195d-fb6c-4c97-8a77-7b9977bf2c1c, status: OUT_OF_STOCK, Error: Out of stock: 4cc0770f-91bc-4c0d-a26f-7b872f02ca94
2026-01-05 17:23:02,817 - INFO - Request for reserve_stock, order_id: a232c5e5-e70d-4957-91ed-779874ba1bcb, request: order_id='a232c5e5-e70d-4957-91ed-779874ba1bcb' items=[CartItem(sku='4cc0770f-91bc-4c0d-a26f-7b872f02ca94', qty=2)] atomic_update=True delay=0.0 drop=0
2026-01-05 17:23:02,817 - INFO - Failure injected for inventory reserve_stock INJECT_DELAY: 0, INJECT_DROP_RATE: 0
2026-01-05 17:23:02,818 - INFO - Request for reserve_stock successfully processed, order_id: a232c5e5-e70d-4957-91ed-779874ba1bcb, failed_sku: 4cc0770f-91bc-4c0d-a26f-7b872f02ca94, status: OUT_OF_STOCK
2026-01-05 17:23:02,818 - ERROR - Exception in Request for reserve_stock, order_id: a232c5e5-e70d-4957-91ed-779874ba1bcb, status: OUT_OF_STOCK, Error: Out of stock: 4cc0770f-91bc-4c0d-a26f-7b872f02ca94
2026-01-05 17:23:02,837 - INFO - Request for reserve_stock, order_id: e7ad88f9-84c8-4478-990a-41117a186c85, request: order_id='e7ad88f9-84c8-4478-990a-41117a186c85' items=[CartItem(sku='4cc0770f-91bc-4c0d-a26f-7b872f02ca94', qty=2)] atomic_update=True delay=0.0 drop=0
2026-01-05 17:23:02,837 - INFO - Failure injected for inventory reserve_stock INJECT_DELAY: 0, INJECT_DROP_RATE: 0
2026-01-05 17:23:02,839 - INFO - Request for reserve_stock successfully processed, order_id: e7ad88f9-84c8-4478-990a-41117a186c85, failed_sku: 4cc0770f-91bc-4c0d-a26f-7b872f02ca94, status: OUT_OF_STOCK
2026-01-05 17:23:02,839 - ERROR - Exception in Request for reserve_stock, order_id: e7ad88f9-84c8-4478-990a-41117a186c85, status: OUT_OF_STOCK, Error: Out of stock: 4cc0770f-91bc-4c0d-a26f-7b872f02ca94
2026-01-05 17:23:02,850 - INFO - Request for reserve_stock, order_id: 90f3b017-24ae-432e-bfe4-9de7512895c4, request: order_id='90f3b017-24ae-432e-bfe4-9de7512895c4' items=[CartItem(sku='4cc0770f-91bc-4c0d-a26f-7b872f02ca94', qty=2)] atomic_update=True delay=0.0 drop=0
2026-01-05 17:23:02,851 - INFO - Failure injected for inventory reserve_stock INJECT_DELAY: 0, INJECT_DROP_RATE: 0
2026-01-05 17:23:02,852 - INFO - Request for reserve_stock successfully processed, order_id: 90f3b017-24ae-432e-bfe4-9de7512895c4, failed_sku: 4cc0770f-91bc-4c0d-a26f-7b872f02ca94, status: OUT_OF_STOCK
2026-01-05 17:23:02,852 - ERROR - Exception in Request for reserve_stock, order_id: 90f3b017-24ae-432e-bfe4-9de7512895c4, status: OUT_OF_STOCK, Error: Out of stock: 4cc0770f-91bc-4c0d-a26f-7b872f02ca94
2026-01-05 17:23:02,870 - INFO - Request for reserve_stock, order_id: d2e1a0c1-48da-4137-8259-fd0556110f37, request: order_id='d2e1a0c1-48da-4137-8259-fd0556110f37' items=[CartItem(sku='4cc0770f-91bc-4c0d-a26f-7b872f02ca94', qty=2)] atomic_update=True delay=0.0 drop=0
2026-01-05 17:23:02,870 - INFO - Failure injected for inventory reserve_stock INJECT_DELAY: 0, INJECT_DROP_RATE: 0
2026-01-05 17:23:02,871 - INFO - Request for reserve_stock successfully processed, order_id: d2e1a0c1-48da-4137-8259-fd0556110f37, failed_sku: 4cc0770f-91bc-4c0d-a26f-7b872f02ca94, status: OUT_OF_STOCK
2026-01-05 17:23:02,871 - ERROR - Exception in Request for reserve_stock, order_id: d2e1a0c1-48da-4137-8259-fd0556110f37, status: OUT_OF_STOCK, Error: Out of stock: 4cc0770f-91bc-4c0d-a26f-7b872f02ca94
2026-01-05 17:23:02,878 - INFO - Request for reserve_stock, order_id: 9818575b-9f67-467f-9653-6a4da3ce3014, request: order_id='9818575b-9f67-467f-9653-6a4da3ce3014' items=[CartItem(sku='4cc0770f-91bc-4c0d-a26f-7b872f02ca94', qty=2)] atomic_update=True delay=0.0 drop=0
2026-01-05 17:23:02,879 - INFO - Failure injected for inventory reserve_stock INJECT_DELAY: 0, INJECT_DROP_RATE: 0
2026-01-05 17:23:02,879 - INFO - Request for reserve_stock successfully processed, order_id: 9818575b-9f67-467f-9653-6a4da3ce3014, failed_sku: 4cc0770f-91bc-4c0d-a26f-7b872f02ca94, status: OUT_OF_STOCK
2026-01-05 17:23:02,880 - ERROR - Exception in Request for reserve_stock, order_id: 9818575b-9f67-467f-9653-6a4da3ce3014, status: OUT_OF_STOCK, Error: Out of stock: 4cc0770f-91bc-4c0d-a26f-7b872f02ca94
2026-01-05 17:23:02,888 - INFO - Request for reserve_stock, order_id: db91fe7c-61ed-4cc9-8d2e-caf2cea75b4d, request: order_id='db91fe7c-61ed-4cc9-8d2e-caf2cea75b4d' items=[CartItem(sku='4cc0770f-91bc-4c0d-a26f-7b872f02ca94', qty=2)] atomic_update=True delay=0.0 drop=0
2026-01-05 17:23:02,889 - INFO - Failure injected for inventory reserve_stock INJECT_DELAY: 0, INJECT_DROP_RATE: 0
2026-01-05 17:23:02,890 - INFO - Request for reserve_stock successfully processed, order_id: db91fe7c-61ed-4cc9-8d2e-caf2cea75b4d, failed_sku: 4cc0770f-91bc-4c0d-a26f-7b872f02ca94, status: OUT_OF_STOCK
2026-01-05 17:23:02,890 - ERROR - Exception in Request for reserve_stock, order_id: db91fe7c-61ed-4cc9-8d2e-caf2cea75b4d, status: OUT_OF_STOCK, Error: Out of stock: 4cc0770f-91bc-4c0d-a26f-7b872f02ca94
2026-01-05 17:23:02,912 - INFO - Request for reserve_stock, order_id: ef22d1a6-7f27-4345-87d1-8c208efb0c7c, request: order_id='ef22d1a6-7f27-4345-87d1-8c208efb0c7c' items=[CartItem(sku='4cc0770f-91bc-4c0d-a26f-7b872f02ca94', qty=2)] atomic_update=True delay=0.0 drop=0
2026-01-05 17:23:02,913 - INFO - Failure injected for inventory reserve_stock INJECT_DELAY: 0, INJECT_DROP_RATE: 0
2026-01-05 17:23:02,914 - INFO - Request for reserve_stock successfully processed, order_id: ef22d1a6-7f27-4345-87d1-8c208efb0c7c, failed_sku: 4cc0770f-91bc-4c0d-a26f-7b872f02ca94, status: OUT_OF_STOCK
2026-01-05 17:23:02,914 - ERROR - Exception in Request for reserve_stock, order_id: ef22d1a6-7f27-4345-87d1-8c208efb0c7c, status: OUT_OF_STOCK, Error: Out of stock: 4cc0770f-91bc-4c0d-a26f-7b872f02ca94
2026-01-05 17:23:02,946 - INFO - Request for reserve_stock, order_id: 7f02a525-c218-42c7-a2a9-6cbb2e6b187c, request: order_id='7f02a525-c218-42c7-a2a9-6cbb2e6b187c' items=[CartItem(sku='4cc0770f-91bc-4c0d-a26f-7b872f02ca94', qty=2)] atomic_update=True delay=0.0 drop=0
2026-01-05 17:23:02,947 - INFO - Failure injected for inventory reserve_stock INJECT_DELAY: 0, INJECT_DROP_RATE: 0
2026-01-05 17:23:02,948 - INFO - Request for reserve_stock successfully processed, order_id: 7f02a525-c218-42c7-a2a9-6cbb2e6b187c, failed_sku: 4cc0770f-91bc-4c0d-a26f-7b872f02ca94, status: OUT_OF_STOCK
2026-01-05 17:23:02,949 - ERROR - Exception in Request for reserve_stock, order_id: 7f02a525-c218-42c7-a2a9-6cbb2e6b187c, status: OUT_OF_STOCK, Error: Out of stock: 4cc0770f-91bc-4c0d-a26f-7b872f02ca94
2026-01-05 17:23:02,962 - INFO - Request for reserve_stock, order_id: 1f35d406-872a-4216-a2c4-f8aa7d925a63, request: order_id='1f35d406-872a-4216-a2c4-f8aa7d925a63' items=[CartItem(sku='4cc0770f-91bc-4c0d-a26f-7b872f02ca94', qty=2)] atomic_update=True delay=0.0 drop=0
2026-01-05 17:23:02,962 - INFO - Failure injected for inventory reserve_stock INJECT_DELAY: 0, INJECT_DROP_RATE: 0
2026-01-05 17:23:02,963 - INFO - Request for reserve_stock successfully processed, order_id: 1f35d406-872a-4216-a2c4-f8aa7d925a63, failed_sku: 4cc0770f-91bc-4c0d-a26f-7b872f02ca94, status: OUT_OF_STOCK
2026-01-05 17:23:02,963 - ERROR - Exception in Request for reserve_stock, order_id: 1f35d406-872a-4216-a2c4-f8aa7d925a63, status: OUT_OF_STOCK, Error: Out of stock: 4cc0770f-91bc-4c0d-a26f-7b872f02ca94
2026-01-05 17:23:02,983 - INFO - Request for reserve_stock, order_id: f4eddcc6-1aed-483c-927f-8b749a3818fa, request: order_id='f4eddcc6-1aed-483c-927f-8b749a3818fa' items=[CartItem(sku='4cc0770f-91bc-4c0d-a26f-7b872f02ca94', qty=2)] atomic_update=True delay=0.0 drop=0
2026-01-05 17:23:02,984 - INFO - Failure injected for inventory reserve_stock INJECT_DELAY: 0, INJECT_DROP_RATE: 0
2026-01-05 17:23:02,985 - INFO - Request for reserve_stock successfully processed, order_id: f4eddcc6-1aed-483c-927f-8b749a3818fa, failed_sku: 4cc0770f-91bc-4c0d-a26f-7b872f02ca94, status: OUT_OF_STOCK
2026-01-05 17:23:02,985 - ERROR - Exception in Request for reserve_stock, order_id: f4eddcc6-1aed-483c-927f-8b749a3818fa, status: OUT_OF_STOCK, Error: Out of stock: 4cc0770f-91bc-4c0d-a26f-7b872f02ca94
2026-01-05 17:23:03,001 - INFO - Request for reserve_stock, order_id: 916fb86a-5bb7-412b-9afc-6fae2c644267, request: order_id='916fb86a-5bb7-412b-9afc-6fae2c644267' items=[CartItem(sku='4cc0770f-91bc-4c0d-a26f-7b872f02ca94', qty=2)] atomic_update=True delay=0.0 drop=0
2026-01-05 17:23:03,001 - INFO - Failure injected for inventory reserve_stock INJECT_DELAY: 0, INJECT_DROP_RATE: 0
2026-01-05 17:23:03,003 - INFO - Request for reserve_stock successfully processed, order_id: 916fb86a-5bb7-412b-9afc-6fae2c644267, failed_sku: 4cc0770f-91bc-4c0d-a26f-7b872f02ca94, status: OUT_OF_STOCK
2026-01-05 17:23:03,003 - ERROR - Exception in Request for reserve_stock, order_id: 916fb86a-5bb7-412b-9afc-6fae2c644267, status: OUT_OF_STOCK, Error: Out of stock: 4cc0770f-91bc-4c0d-a26f-7b872f02ca94
2026-01-05 17:23:03,019 - INFO - Request for reserve_stock, order_id: 5cb385c5-de29-4a3e-b5f6-f9b869ffd314, request: order_id='5cb385c5-de29-4a3e-b5f6-f9b869ffd314' items=[CartItem(sku='4cc0770f-91bc-4c0d-a26f-7b872f02ca94', qty=2)] atomic_update=True delay=0.0 drop=0
2026-01-05 17:23:03,020 - INFO - Failure injected for inventory reserve_stock INJECT_DELAY: 0, INJECT_DROP_RATE: 0
2026-01-05 17:23:03,021 - INFO - Request for reserve_stock successfully processed, order_id: 5cb385c5-de29-4a3e-b5f6-f9b869ffd314, failed_sku: 4cc0770f-91bc-4c0d-a26f-7b872f02ca94, status: OUT_OF_STOCK
2026-01-05 17:23:03,021 - ERROR - Exception in Request for reserve_stock, order_id: 5cb385c5-de29-4a3e-b5f6-f9b869ffd314, status: OUT_OF_STOCK, Error: Out of stock: 4cc0770f-91bc-4c0d-a26f-7b872f02ca94
2026-01-05 17:23:03,030 - INFO - Request for reserve_stock, order_id: 861002d6-db97-420a-ae82-9e4468e168cf, request: order_id='861002d6-db97-420a-ae82-9e4468e168cf' items=[CartItem(sku='4cc0770f-91bc-4c0d-a26f-7b872f02ca94', qty=2)] atomic_update=True delay=0.0 drop=0
2026-01-05 17:23:03,030 - INFO - Failure injected for inventory reserve_stock INJECT_DELAY: 0, INJECT_DROP_RATE: 0
2026-01-05 17:23:03,031 - INFO - Request for reserve_stock successfully processed, order_id: 861002d6-db97-420a-ae82-9e4468e168cf, failed_sku: 4cc0770f-91bc-4c0d-a26f-7b872f02ca94, status: OUT_OF_STOCK
2026-01-05 17:23:03,031 - ERROR - Exception in Request for reserve_stock, order_id: 861002d6-db97-420a-ae82-9e4468e168cf, status: OUT_OF_STOCK, Error: Out of stock: 4cc0770f-91bc-4c0d-a26f-7b872f02ca94
2026-01-05 17:23:03,043 - INFO - Request for reserve_stock, order_id: aac7354c-8731-4806-bc6c-2b87dee6a3cf, request: order_id='aac7354c-8731-4806-bc6c-2b87dee6a3cf' items=[CartItem(sku='4cc0770f-91bc-4c0d-a26f-7b872f02ca94', qty=2)] atomic_update=True delay=0.0 drop=0
2026-01-05 17:23:03,043 - INFO - Failure injected for inventory reserve_stock INJECT_DELAY: 0, INJECT_DROP_RATE: 0
2026-01-05 17:23:03,044 - INFO - Request for reserve_stock successfully processed, order_id: aac7354c-8731-4806-bc6c-2b87dee6a3cf, failed_sku: 4cc0770f-91bc-4c0d-a26f-7b872f02ca94, status: OUT_OF_STOCK
2026-01-05 17:23:03,044 - ERROR - Exception in Request for reserve_stock, order_id: aac7354c-8731-4806-bc6c-2b87dee6a3cf, status: OUT_OF_STOCK, Error: Out of stock: 4cc0770f-91bc-4c0d-a26f-7b872f02ca94
2026-01-05 17:23:03,052 - INFO - Request for reserve_stock, order_id: 6f45979a-da91-4018-bd0d-65b140df6bc0, request: order_id='6f45979a-da91-4018-bd0d-65b140df6bc0' items=[CartItem(sku='4cc0770f-91bc-4c0d-a26f-7b872f02ca94', qty=2)] atomic_update=True delay=0.0 drop=0
2026-01-05 17:23:03,052 - INFO - Failure injected for inventory reserve_stock INJECT_DELAY: 0, INJECT_DROP_RATE: 0
2026-01-05 17:23:03,053 - INFO - Request for reserve_stock successfully processed, order_id: 6f45979a-da91-4018-bd0d-65b140df6bc0, failed_sku: 4cc0770f-91bc-4c0d-a26f-7b872f02ca94, status: OUT_OF_STOCK
2026-01-05 17:23:03,053 - ERROR - Exception in Request for reserve_stock, order_id: 6f45979a-da91-4018-bd0d-65b140df6bc0, status: OUT_OF_STOCK, Error: Out of stock: 4cc0770f-91bc-4c0d-a26f-7b872f02ca94
2026-01-05 17:23:03,063 - INFO - Request for reserve_stock, order_id: 8fa6349a-5cfd-4fff-98f7-197fafc676b6, request: order_id='8fa6349a-5cfd-4fff-98f7-197fafc676b6' items=[CartItem(sku='4cc0770f-91bc-4c0d-a26f-7b872f02ca94', qty=2)] atomic_update=True delay=0.0 drop=0
2026-01-05 17:23:03,063 - INFO - Failure injected for inventory reserve_stock INJECT_DELAY: 0, INJECT_DROP_RATE: 0
2026-01-05 17:23:03,064 - INFO - Request for reserve_stock successfully processed, order_id: 8fa6349a-5cfd-4fff-98f7-197fafc676b6, failed_sku: 4cc0770f-91bc-4c0d-a26f-7b872f02ca94, status: OUT_OF_STOCK
2026-01-05 17:23:03,064 - ERROR - Exception in Request for reserve_stock, order_id: 8fa6349a-5cfd-4fff-98f7-197fafc676b6, status: OUT_OF_STOCK, Error: Out of stock: 4cc0770f-91bc-4c0d-a26f-7b872f02ca94
