2025-12-31 16:00:23,104 - INFO - Request for checkout_cart, cart_id=5811237b-d180-44e0-b042-29ddd5fa3e4f,  trace_id=4f0764ca-2964-4e46-add6-41eb94e90515
2025-12-31 16:00:23,117 - INFO - Cart Service Called, request_cart_id: 5811237b-d180-44e0-b042-29ddd5fa3e4f, response_status: 200, trace_id=4f0764ca-2964-4e46-add6-41eb94e90515
2025-12-31 16:00:23,130 - INFO - HTTP Request: POST http://127.0.0.1:8002/price "HTTP/1.1 200 OK"
2025-12-31 16:00:23,131 - INFO - Pricing Service Called, req: {'items': [{'product_id': '4cc0770f-91bc-4c0d-a26f-7b872f02ca94', 'qty': 2}], 'promo_codes': []}, response_status: 200, trace_id=4f0764ca-2964-4e46-add6-41eb94e90515
2025-12-31 16:00:23,132 - INFO - Request for orchestrate_order started, order_id=64a38e72-ad5f-4716-a768-9303796b5b82, trace_id=4f0764ca-2964-4e46-add6-41eb94e90515
2025-12-31 16:00:23,168 - INFO - Inventory Reservation Service Called, req: {'order_id': '64a38e72-ad5f-4716-a768-9303796b5b82', 'items': [{'sku': '4cc0770f-91bc-4c0d-a26f-7b872f02ca94', 'qty': 2}], 'atomic_update': True, 'delay': 0.0, 'drop': 0}, response_status: 200, response: {'order_id': '64a38e72-ad5f-4716-a768-9303796b5b82', 'status': 'RESERVED', 'items': [{'sku': '4cc0770f-91bc-4c0d-a26f-7b872f02ca94', 'remaining': 0}]} trace_id=4f0764ca-2964-4e46-add6-41eb94e90515
2025-12-31 16:00:23,478 - INFO - Payment Service Called, req: {'order_id': '64a38e72-ad5f-4716-a768-9303796b5b82', 'final_price': 4000.0}, response_status: 200, response: {'order_id': '64a38e72-ad5f-4716-a768-9303796b5b82', 'status': 'FAILED'} trace_id=4f0764ca-2964-4e46-add6-41eb94e90515
2025-12-31 16:00:23,501 - INFO - Inventory Reservation Rollback Service Called, req: {'order_id': '64a38e72-ad5f-4716-a768-9303796b5b82', 'items': [{'sku': '4cc0770f-91bc-4c0d-a26f-7b872f02ca94', 'qty': 2}], 'atomic_update': True, 'delay': 0.0, 'drop': 0}, response_status: 200, response: {'order_id': '64a38e72-ad5f-4716-a768-9303796b5b82', 'status': 'RESERVED_ROLLBACK', 'items': [{'sku': '4cc0770f-91bc-4c0d-a26f-7b872f02ca94', 'remaining': 2}]} trace_id=4f0764ca-2964-4e46-add6-41eb94e90515
2025-12-31 16:00:23,502 - INFO - Request for orchestrate_order completed, final_status:PAYMENT_FAILED,  trace_id=4f0764ca-2964-4e46-add6-41eb94e90515
2025-12-31 16:00:30,528 - INFO - Request for checkout_cart, cart_id=5811237b-d180-44e0-b042-29ddd5fa3e4f,  trace_id=f1a1884c-479a-4b90-8d73-018fc691b959
2025-12-31 16:00:30,544 - INFO - Cart Service Called, request_cart_id: 5811237b-d180-44e0-b042-29ddd5fa3e4f, response_status: 200, trace_id=f1a1884c-479a-4b90-8d73-018fc691b959
2025-12-31 16:00:30,558 - INFO - HTTP Request: POST http://127.0.0.1:8002/price "HTTP/1.1 200 OK"
2025-12-31 16:00:30,559 - INFO - Pricing Service Called, req: {'items': [{'product_id': '4cc0770f-91bc-4c0d-a26f-7b872f02ca94', 'qty': 2}], 'promo_codes': []}, response_status: 200, trace_id=f1a1884c-479a-4b90-8d73-018fc691b959
2025-12-31 16:00:30,560 - INFO - Request for orchestrate_order started, order_id=e6fdb8d3-038b-47dc-90d0-dc24f710cce2, trace_id=f1a1884c-479a-4b90-8d73-018fc691b959
2025-12-31 16:00:30,569 - INFO - Inventory Reservation Service Called, req: {'order_id': 'e6fdb8d3-038b-47dc-90d0-dc24f710cce2', 'items': [{'sku': '4cc0770f-91bc-4c0d-a26f-7b872f02ca94', 'qty': 2}], 'atomic_update': True, 'delay': 0.0, 'drop': 0}, response_status: 200, response: {'order_id': 'e6fdb8d3-038b-47dc-90d0-dc24f710cce2', 'status': 'RESERVED', 'items': [{'sku': '4cc0770f-91bc-4c0d-a26f-7b872f02ca94', 'remaining': 0}]} trace_id=f1a1884c-479a-4b90-8d73-018fc691b959
2025-12-31 16:00:30,879 - INFO - Payment Service Called, req: {'order_id': 'e6fdb8d3-038b-47dc-90d0-dc24f710cce2', 'final_price': 4000.0}, response_status: 200, response: {'order_id': 'e6fdb8d3-038b-47dc-90d0-dc24f710cce2', 'status': 'SUCCESS'} trace_id=f1a1884c-479a-4b90-8d73-018fc691b959
2025-12-31 16:00:31,101 - INFO - Shipment Service Called, req: {'order_id': 'e6fdb8d3-038b-47dc-90d0-dc24f710cce2', 'address': 'SAMPLE_ADDRESS'}, response_status: 200, response: {'shipment_id': '7c93fcc4-351e-4e44-9e39-31d475a0c990', 'tracking_id': 'a772ba5d-5298-49b9-8c90-a68fd1822286'} trace_id=f1a1884c-479a-4b90-8d73-018fc691b959
2025-12-31 16:00:31,104 - INFO - Request for orchestrate_order completed, final_status:COMPLETED,  trace_id=f1a1884c-479a-4b90-8d73-018fc691b959
2025-12-31 16:00:50,201 - INFO - Request for checkout_cart, cart_id=5811237b-d180-44e0-b042-29ddd5fa3e4f,  trace_id=f97bfacd-8106-466f-a33b-a6e29c5c43a5
2025-12-31 16:00:50,206 - INFO - Cart Service Called, request_cart_id: 5811237b-d180-44e0-b042-29ddd5fa3e4f, response_status: 200, trace_id=f97bfacd-8106-466f-a33b-a6e29c5c43a5
2025-12-31 16:00:50,212 - INFO - HTTP Request: POST http://127.0.0.1:8002/price "HTTP/1.1 200 OK"
2025-12-31 16:00:50,212 - INFO - Pricing Service Called, req: {'items': [{'product_id': '4cc0770f-91bc-4c0d-a26f-7b872f02ca94', 'qty': 2}], 'promo_codes': []}, response_status: 200, trace_id=f97bfacd-8106-466f-a33b-a6e29c5c43a5
2025-12-31 16:00:50,212 - INFO - Request for orchestrate_order started, order_id=ee8d9d0c-d066-4b5d-a077-a5c1eae437fe, trace_id=f97bfacd-8106-466f-a33b-a6e29c5c43a5
2025-12-31 16:00:50,218 - INFO - Inventory Reservation Service Called, req: {'order_id': 'ee8d9d0c-d066-4b5d-a077-a5c1eae437fe', 'items': [{'sku': '4cc0770f-91bc-4c0d-a26f-7b872f02ca94', 'qty': 2}], 'atomic_update': True, 'delay': 0.0, 'drop': 0}, response_status: 200, response: {'order_id': 'ee8d9d0c-d066-4b5d-a077-a5c1eae437fe', 'status': 'OUT_OF_STOCK', 'reason': 'Out of stock: 4cc0770f-91bc-4c0d-a26f-7b872f02ca94'} trace_id=f97bfacd-8106-466f-a33b-a6e29c5c43a5
2025-12-31 16:00:50,219 - INFO - Request for orchestrate_order completed, final_status:OUT_OF_STOCK,  trace_id=f97bfacd-8106-466f-a33b-a6e29c5c43a5
2025-12-31 16:00:51,010 - INFO - Request for checkout_cart, cart_id=5811237b-d180-44e0-b042-29ddd5fa3e4f,  trace_id=cbc83061-ba40-4b07-82d3-1e39f37a8e80
2025-12-31 16:00:51,016 - INFO - Cart Service Called, request_cart_id: 5811237b-d180-44e0-b042-29ddd5fa3e4f, response_status: 200, trace_id=cbc83061-ba40-4b07-82d3-1e39f37a8e80
2025-12-31 16:00:51,020 - INFO - HTTP Request: POST http://127.0.0.1:8002/price "HTTP/1.1 200 OK"
2025-12-31 16:00:51,021 - INFO - Pricing Service Called, req: {'items': [{'product_id': '4cc0770f-91bc-4c0d-a26f-7b872f02ca94', 'qty': 2}], 'promo_codes': []}, response_status: 200, trace_id=cbc83061-ba40-4b07-82d3-1e39f37a8e80
2025-12-31 16:00:51,021 - INFO - Request for orchestrate_order started, order_id=6ce28222-e786-4417-9148-c11ada234032, trace_id=cbc83061-ba40-4b07-82d3-1e39f37a8e80
2025-12-31 16:00:51,029 - INFO - Inventory Reservation Service Called, req: {'order_id': '6ce28222-e786-4417-9148-c11ada234032', 'items': [{'sku': '4cc0770f-91bc-4c0d-a26f-7b872f02ca94', 'qty': 2}], 'atomic_update': True, 'delay': 0.0, 'drop': 0}, response_status: 200, response: {'order_id': '6ce28222-e786-4417-9148-c11ada234032', 'status': 'OUT_OF_STOCK', 'reason': 'Out of stock: 4cc0770f-91bc-4c0d-a26f-7b872f02ca94'} trace_id=cbc83061-ba40-4b07-82d3-1e39f37a8e80
2025-12-31 16:00:51,031 - INFO - Request for orchestrate_order completed, final_status:OUT_OF_STOCK,  trace_id=cbc83061-ba40-4b07-82d3-1e39f37a8e80
