2026-01-05 17:22:35,424 - INFO - Shipment connected to mongo
2026-01-05 17:22:35,852 - INFO - Request for book_shipment, order_id=cdd14dbf-b1c4-4c42-a715-a45a42200dc3, request: order_id='cdd14dbf-b1c4-4c42-a715-a45a42200dc3' address='SAMPLE_ADDRESS'
2026-01-05 17:22:36,052 - INFO - Request for book_shipment, external carrier service called successfully, order_id=cdd14dbf-b1c4-4c42-a715-a45a42200dc3, request: order_id='cdd14dbf-b1c4-4c42-a715-a45a42200dc3' address='SAMPLE_ADDRESS'
2026-01-05 17:22:36,053 - INFO - Request for book_shipment successfully processed, request: order_id='cdd14dbf-b1c4-4c42-a715-a45a42200dc3' address='SAMPLE_ADDRESS', order_id=cdd14dbf-b1c4-4c42-a715-a45a42200dc3, result: shipment_id='5bcef676-7075-4be3-a5ba-7b1d270d962e' tracking_id='c03ad2c7-289f-4699-bd99-04a5137c8883'
2026-01-05 17:22:36,377 - INFO - Request for book_shipment, order_id=23981bb8-ef75-4819-9807-d6a6a8436f3e, request: order_id='23981bb8-ef75-4819-9807-d6a6a8436f3e' address='SAMPLE_ADDRESS'
2026-01-05 17:22:36,578 - INFO - Request for book_shipment, external carrier service called successfully, order_id=23981bb8-ef75-4819-9807-d6a6a8436f3e, request: order_id='23981bb8-ef75-4819-9807-d6a6a8436f3e' address='SAMPLE_ADDRESS'
2026-01-05 17:22:36,580 - INFO - Request for book_shipment successfully processed, request: order_id='23981bb8-ef75-4819-9807-d6a6a8436f3e' address='SAMPLE_ADDRESS', order_id=23981bb8-ef75-4819-9807-d6a6a8436f3e, result: shipment_id='e867ceb1-427c-4f3f-9314-6b639a9c853b' tracking_id='da84caff-2c77-4bab-a700-8ed45f886fab'
2026-01-05 17:22:36,908 - INFO - Request for book_shipment, order_id=7436451d-70fc-437c-ab41-1df93c472aee, request: order_id='7436451d-70fc-437c-ab41-1df93c472aee' address='SAMPLE_ADDRESS'
2026-01-05 17:22:37,109 - INFO - Request for book_shipment, external carrier service called successfully, order_id=7436451d-70fc-437c-ab41-1df93c472aee, request: order_id='7436451d-70fc-437c-ab41-1df93c472aee' address='SAMPLE_ADDRESS'
2026-01-05 17:22:37,110 - INFO - Request for book_shipment successfully processed, request: order_id='7436451d-70fc-437c-ab41-1df93c472aee' address='SAMPLE_ADDRESS', order_id=7436451d-70fc-437c-ab41-1df93c472aee, result: shipment_id='a8fc748c-438b-40db-a276-ab3aaf024130' tracking_id='6c21f621-7545-4d57-91e2-b3489444d175'
2026-01-05 17:22:37,428 - INFO - Request for book_shipment, order_id=2f04c20b-aa97-4e1e-848d-a02bc6fbfe8e, request: order_id='2f04c20b-aa97-4e1e-848d-a02bc6fbfe8e' address='SAMPLE_ADDRESS'
2026-01-05 17:22:37,628 - INFO - Request for book_shipment, external carrier service called successfully, order_id=2f04c20b-aa97-4e1e-848d-a02bc6fbfe8e, request: order_id='2f04c20b-aa97-4e1e-848d-a02bc6fbfe8e' address='SAMPLE_ADDRESS'
2026-01-05 17:22:37,630 - INFO - Request for book_shipment successfully processed, request: order_id='2f04c20b-aa97-4e1e-848d-a02bc6fbfe8e' address='SAMPLE_ADDRESS', order_id=2f04c20b-aa97-4e1e-848d-a02bc6fbfe8e, result: shipment_id='76298b80-433c-4008-b2e5-e0b139816b34' tracking_id='3cabd1da-b2e3-4107-9065-4b673487369f'
2026-01-05 17:22:37,947 - INFO - Request for book_shipment, order_id=349ffe7b-c2e1-4920-aba2-9c2fe1ce06c2, request: order_id='349ffe7b-c2e1-4920-aba2-9c2fe1ce06c2' address='SAMPLE_ADDRESS'
2026-01-05 17:22:38,147 - INFO - Request for book_shipment, external carrier service called successfully, order_id=349ffe7b-c2e1-4920-aba2-9c2fe1ce06c2, request: order_id='349ffe7b-c2e1-4920-aba2-9c2fe1ce06c2' address='SAMPLE_ADDRESS'
2026-01-05 17:22:38,148 - INFO - Request for book_shipment successfully processed, request: order_id='349ffe7b-c2e1-4920-aba2-9c2fe1ce06c2' address='SAMPLE_ADDRESS', order_id=349ffe7b-c2e1-4920-aba2-9c2fe1ce06c2, result: shipment_id='5dfd4d85-13a9-4c23-93c1-996cc88b2055' tracking_id='33ef316e-8edc-45dc-8943-c05b0dd9f215'
2026-01-05 17:22:38,465 - INFO - Request for book_shipment, order_id=a916a43f-cb4b-4943-893f-89b5d7fcc7e4, request: order_id='a916a43f-cb4b-4943-893f-89b5d7fcc7e4' address='SAMPLE_ADDRESS'
2026-01-05 17:22:38,666 - INFO - Request for book_shipment, external carrier service called successfully, order_id=a916a43f-cb4b-4943-893f-89b5d7fcc7e4, request: order_id='a916a43f-cb4b-4943-893f-89b5d7fcc7e4' address='SAMPLE_ADDRESS'
2026-01-05 17:22:38,667 - INFO - Request for book_shipment successfully processed, request: order_id='a916a43f-cb4b-4943-893f-89b5d7fcc7e4' address='SAMPLE_ADDRESS', order_id=a916a43f-cb4b-4943-893f-89b5d7fcc7e4, result: shipment_id='94500842-f56a-46e4-8a81-73b8875b6bab' tracking_id='e2699734-a7c0-452a-8914-3addcddc3b09'
2026-01-05 17:22:38,985 - INFO - Request for book_shipment, order_id=d6bdeaca-e5ab-4275-8a8c-2b5243e425d4, request: order_id='d6bdeaca-e5ab-4275-8a8c-2b5243e425d4' address='SAMPLE_ADDRESS'
2026-01-05 17:22:39,185 - INFO - Request for book_shipment, external carrier service called successfully, order_id=d6bdeaca-e5ab-4275-8a8c-2b5243e425d4, request: order_id='d6bdeaca-e5ab-4275-8a8c-2b5243e425d4' address='SAMPLE_ADDRESS'
2026-01-05 17:22:39,187 - INFO - Request for book_shipment successfully processed, request: order_id='d6bdeaca-e5ab-4275-8a8c-2b5243e425d4' address='SAMPLE_ADDRESS', order_id=d6bdeaca-e5ab-4275-8a8c-2b5243e425d4, result: shipment_id='dd8fda16-1f6d-47ea-b38f-3bfc2f03837c' tracking_id='97752024-a08e-4b4f-8b27-afb556f43956'
2026-01-05 17:22:39,508 - INFO - Request for book_shipment, order_id=ea37a09e-fadc-4a4a-b96e-8cbace7e0dcc, request: order_id='ea37a09e-fadc-4a4a-b96e-8cbace7e0dcc' address='SAMPLE_ADDRESS'
2026-01-05 17:22:39,708 - INFO - Request for book_shipment, external carrier service called successfully, order_id=ea37a09e-fadc-4a4a-b96e-8cbace7e0dcc, request: order_id='ea37a09e-fadc-4a4a-b96e-8cbace7e0dcc' address='SAMPLE_ADDRESS'
2026-01-05 17:22:39,709 - INFO - Request for book_shipment successfully processed, request: order_id='ea37a09e-fadc-4a4a-b96e-8cbace7e0dcc' address='SAMPLE_ADDRESS', order_id=ea37a09e-fadc-4a4a-b96e-8cbace7e0dcc, result: shipment_id='4d96a3cd-2420-415c-81c6-68e894d27f76' tracking_id='1c638b63-dd7b-4ec2-ba08-91d641f80ebe'
2026-01-05 17:22:40,027 - INFO - Request for book_shipment, order_id=27d8a424-adbe-4310-a659-11685f81731a, request: order_id='27d8a424-adbe-4310-a659-11685f81731a' address='SAMPLE_ADDRESS'
2026-01-05 17:22:40,227 - INFO - Request for book_shipment, external carrier service called successfully, order_id=27d8a424-adbe-4310-a659-11685f81731a, request: order_id='27d8a424-adbe-4310-a659-11685f81731a' address='SAMPLE_ADDRESS'
2026-01-05 17:22:40,229 - INFO - Request for book_shipment successfully processed, request: order_id='27d8a424-adbe-4310-a659-11685f81731a' address='SAMPLE_ADDRESS', order_id=27d8a424-adbe-4310-a659-11685f81731a, result: shipment_id='bf072508-1a4b-4771-8695-3a04d13a6af0' tracking_id='05629dba-dc82-4fdb-9462-f96b29dfede8'
2026-01-05 17:22:40,557 - INFO - Request for book_shipment, order_id=f3eb19bb-2f1e-4669-958b-699d66dd64d3, request: order_id='f3eb19bb-2f1e-4669-958b-699d66dd64d3' address='SAMPLE_ADDRESS'
2026-01-05 17:22:40,757 - INFO - Request for book_shipment, external carrier service called successfully, order_id=f3eb19bb-2f1e-4669-958b-699d66dd64d3, request: order_id='f3eb19bb-2f1e-4669-958b-699d66dd64d3' address='SAMPLE_ADDRESS'
2026-01-05 17:22:40,759 - INFO - Request for book_shipment successfully processed, request: order_id='f3eb19bb-2f1e-4669-958b-699d66dd64d3' address='SAMPLE_ADDRESS', order_id=f3eb19bb-2f1e-4669-958b-699d66dd64d3, result: shipment_id='bee05f80-a5f6-4740-ae16-c9b11a2a9dfc' tracking_id='de6c8c61-0cb4-4e1f-98b0-6fa93c03f1fa'
2026-01-05 17:22:41,113 - INFO - Request for book_shipment, order_id=aebc682e-8098-4eee-b478-4045f64d3f17, request: order_id='aebc682e-8098-4eee-b478-4045f64d3f17' address='SAMPLE_ADDRESS'
2026-01-05 17:22:41,313 - INFO - Request for book_shipment, external carrier service called successfully, order_id=aebc682e-8098-4eee-b478-4045f64d3f17, request: order_id='aebc682e-8098-4eee-b478-4045f64d3f17' address='SAMPLE_ADDRESS'
2026-01-05 17:22:41,315 - INFO - Request for book_shipment successfully processed, request: order_id='aebc682e-8098-4eee-b478-4045f64d3f17' address='SAMPLE_ADDRESS', order_id=aebc682e-8098-4eee-b478-4045f64d3f17, result: shipment_id='c2352e9b-aef1-48a6-91e1-9bb5eb2a9bbe' tracking_id='2e67d2f3-cb29-41a8-a102-65e84f45a514'
2026-01-05 17:22:41,684 - INFO - Request for book_shipment, order_id=6cdb8403-3261-4381-aadb-318a1589e52f, request: order_id='6cdb8403-3261-4381-aadb-318a1589e52f' address='SAMPLE_ADDRESS'
2026-01-05 17:22:41,885 - INFO - Request for book_shipment, external carrier service called successfully, order_id=6cdb8403-3261-4381-aadb-318a1589e52f, request: order_id='6cdb8403-3261-4381-aadb-318a1589e52f' address='SAMPLE_ADDRESS'
2026-01-05 17:22:41,886 - INFO - Request for book_shipment successfully processed, request: order_id='6cdb8403-3261-4381-aadb-318a1589e52f' address='SAMPLE_ADDRESS', order_id=6cdb8403-3261-4381-aadb-318a1589e52f, result: shipment_id='cbeaffc2-a274-4178-bd47-9f4f315746d1' tracking_id='48f513e9-692b-47fb-8463-ae7a6aa8988d'
2026-01-05 17:22:42,208 - INFO - Request for book_shipment, order_id=ca3a5102-ca74-4464-9ea7-3509d8e768b6, request: order_id='ca3a5102-ca74-4464-9ea7-3509d8e768b6' address='SAMPLE_ADDRESS'
2026-01-05 17:22:42,409 - INFO - Request for book_shipment, external carrier service called successfully, order_id=ca3a5102-ca74-4464-9ea7-3509d8e768b6, request: order_id='ca3a5102-ca74-4464-9ea7-3509d8e768b6' address='SAMPLE_ADDRESS'
2026-01-05 17:22:42,410 - INFO - Request for book_shipment successfully processed, request: order_id='ca3a5102-ca74-4464-9ea7-3509d8e768b6' address='SAMPLE_ADDRESS', order_id=ca3a5102-ca74-4464-9ea7-3509d8e768b6, result: shipment_id='c6a740c4-5221-48f4-99d8-c365feb2bb0c' tracking_id='fa884203-562a-4bb4-b430-6ba1070fb69b'
2026-01-05 17:22:42,739 - INFO - Request for book_shipment, order_id=5be9c580-45bd-4d3d-91ca-57672d9e9aae, request: order_id='5be9c580-45bd-4d3d-91ca-57672d9e9aae' address='SAMPLE_ADDRESS'
2026-01-05 17:22:42,940 - INFO - Request for book_shipment, external carrier service called successfully, order_id=5be9c580-45bd-4d3d-91ca-57672d9e9aae, request: order_id='5be9c580-45bd-4d3d-91ca-57672d9e9aae' address='SAMPLE_ADDRESS'
2026-01-05 17:22:42,941 - INFO - Request for book_shipment successfully processed, request: order_id='5be9c580-45bd-4d3d-91ca-57672d9e9aae' address='SAMPLE_ADDRESS', order_id=5be9c580-45bd-4d3d-91ca-57672d9e9aae, result: shipment_id='4f687ece-3c91-4ebc-9288-07e691d07abe' tracking_id='b819a44f-9d88-44b8-b516-209cd8d1673a'
2026-01-05 17:22:43,261 - INFO - Request for book_shipment, order_id=56da7419-26e5-4128-a7ed-1bbafba84165, request: order_id='56da7419-26e5-4128-a7ed-1bbafba84165' address='SAMPLE_ADDRESS'
2026-01-05 17:22:43,461 - INFO - Request for book_shipment, external carrier service called successfully, order_id=56da7419-26e5-4128-a7ed-1bbafba84165, request: order_id='56da7419-26e5-4128-a7ed-1bbafba84165' address='SAMPLE_ADDRESS'
2026-01-05 17:22:43,463 - INFO - Request for book_shipment successfully processed, request: order_id='56da7419-26e5-4128-a7ed-1bbafba84165' address='SAMPLE_ADDRESS', order_id=56da7419-26e5-4128-a7ed-1bbafba84165, result: shipment_id='3a33b94b-3d87-4304-8d9f-a25a84d53058' tracking_id='e7ec4f7b-959d-444c-9dc3-1a38ff466db2'
2026-01-05 17:22:43,794 - INFO - Request for book_shipment, order_id=a00b9539-441b-4d5e-a1fc-929ff6a8a19b, request: order_id='a00b9539-441b-4d5e-a1fc-929ff6a8a19b' address='SAMPLE_ADDRESS'
2026-01-05 17:22:43,995 - INFO - Request for book_shipment, external carrier service called successfully, order_id=a00b9539-441b-4d5e-a1fc-929ff6a8a19b, request: order_id='a00b9539-441b-4d5e-a1fc-929ff6a8a19b' address='SAMPLE_ADDRESS'
2026-01-05 17:22:43,996 - INFO - Request for book_shipment successfully processed, request: order_id='a00b9539-441b-4d5e-a1fc-929ff6a8a19b' address='SAMPLE_ADDRESS', order_id=a00b9539-441b-4d5e-a1fc-929ff6a8a19b, result: shipment_id='e1fb3c10-132f-415b-b029-b7e3a98c04dc' tracking_id='b1ad5ef1-4417-4c46-9318-e1e0daf897bf'
2026-01-05 17:22:44,330 - INFO - Request for book_shipment, order_id=31b590cb-2f78-48ff-9ed5-e2fa1aaf3b80, request: order_id='31b590cb-2f78-48ff-9ed5-e2fa1aaf3b80' address='SAMPLE_ADDRESS'
2026-01-05 17:22:44,530 - INFO - Request for book_shipment, external carrier service called successfully, order_id=31b590cb-2f78-48ff-9ed5-e2fa1aaf3b80, request: order_id='31b590cb-2f78-48ff-9ed5-e2fa1aaf3b80' address='SAMPLE_ADDRESS'
2026-01-05 17:22:44,531 - INFO - Request for book_shipment successfully processed, request: order_id='31b590cb-2f78-48ff-9ed5-e2fa1aaf3b80' address='SAMPLE_ADDRESS', order_id=31b590cb-2f78-48ff-9ed5-e2fa1aaf3b80, result: shipment_id='9dd06fe5-3a70-4d73-aed6-e0d043b6c232' tracking_id='ed0d522f-9651-4136-95b1-f37f3b55edd1'
2026-01-05 17:22:44,850 - INFO - Request for book_shipment, order_id=908f3506-9b80-4534-bd73-1d076fd981b3, request: order_id='908f3506-9b80-4534-bd73-1d076fd981b3' address='SAMPLE_ADDRESS'
2026-01-05 17:22:45,050 - INFO - Request for book_shipment, external carrier service called successfully, order_id=908f3506-9b80-4534-bd73-1d076fd981b3, request: order_id='908f3506-9b80-4534-bd73-1d076fd981b3' address='SAMPLE_ADDRESS'
2026-01-05 17:22:45,052 - INFO - Request for book_shipment successfully processed, request: order_id='908f3506-9b80-4534-bd73-1d076fd981b3' address='SAMPLE_ADDRESS', order_id=908f3506-9b80-4534-bd73-1d076fd981b3, result: shipment_id='fd30cec6-c9db-4058-9cbd-dae52cc04c83' tracking_id='73f9824f-8a2a-4bcf-bac7-7569e399c928'
2026-01-05 17:22:45,369 - INFO - Request for book_shipment, order_id=c465aec2-bb6f-4158-bed4-070c3e2ac6dd, request: order_id='c465aec2-bb6f-4158-bed4-070c3e2ac6dd' address='SAMPLE_ADDRESS'
2026-01-05 17:22:45,570 - INFO - Request for book_shipment, external carrier service called successfully, order_id=c465aec2-bb6f-4158-bed4-070c3e2ac6dd, request: order_id='c465aec2-bb6f-4158-bed4-070c3e2ac6dd' address='SAMPLE_ADDRESS'
2026-01-05 17:22:45,571 - INFO - Request for book_shipment successfully processed, request: order_id='c465aec2-bb6f-4158-bed4-070c3e2ac6dd' address='SAMPLE_ADDRESS', order_id=c465aec2-bb6f-4158-bed4-070c3e2ac6dd, result: shipment_id='142562fb-8b69-4210-9ed2-8b5b4e6fa751' tracking_id='2aeec7df-076f-40e8-b366-392a9b9adbbe'
2026-01-05 17:22:45,898 - INFO - Request for book_shipment, order_id=125129fc-0adb-4280-834e-3488e4a13201, request: order_id='125129fc-0adb-4280-834e-3488e4a13201' address='SAMPLE_ADDRESS'
2026-01-05 17:22:46,099 - INFO - Request for book_shipment, external carrier service called successfully, order_id=125129fc-0adb-4280-834e-3488e4a13201, request: order_id='125129fc-0adb-4280-834e-3488e4a13201' address='SAMPLE_ADDRESS'
2026-01-05 17:22:46,100 - INFO - Request for book_shipment successfully processed, request: order_id='125129fc-0adb-4280-834e-3488e4a13201' address='SAMPLE_ADDRESS', order_id=125129fc-0adb-4280-834e-3488e4a13201, result: shipment_id='feed820d-299e-46f6-b380-afd634dfc9b2' tracking_id='70d3fd0a-c33b-4cc3-b067-f82912b58557'
2026-01-05 17:22:46,421 - INFO - Request for book_shipment, order_id=c5602503-4cc3-4d7f-8e67-b523251f68b2, request: order_id='c5602503-4cc3-4d7f-8e67-b523251f68b2' address='SAMPLE_ADDRESS'
2026-01-05 17:22:46,621 - INFO - Request for book_shipment, external carrier service called successfully, order_id=c5602503-4cc3-4d7f-8e67-b523251f68b2, request: order_id='c5602503-4cc3-4d7f-8e67-b523251f68b2' address='SAMPLE_ADDRESS'
2026-01-05 17:22:46,622 - INFO - Request for book_shipment successfully processed, request: order_id='c5602503-4cc3-4d7f-8e67-b523251f68b2' address='SAMPLE_ADDRESS', order_id=c5602503-4cc3-4d7f-8e67-b523251f68b2, result: shipment_id='87ca4d4c-325a-400e-b8d5-48c430bcf244' tracking_id='2c2892d5-1cf7-4142-8c03-9146f403940f'
2026-01-05 17:22:46,951 - INFO - Request for book_shipment, order_id=e9b5f5bb-4fa9-42f7-ad4f-5ccf19e7f48a, request: order_id='e9b5f5bb-4fa9-42f7-ad4f-5ccf19e7f48a' address='SAMPLE_ADDRESS'
2026-01-05 17:22:47,152 - INFO - Request for book_shipment, external carrier service called successfully, order_id=e9b5f5bb-4fa9-42f7-ad4f-5ccf19e7f48a, request: order_id='e9b5f5bb-4fa9-42f7-ad4f-5ccf19e7f48a' address='SAMPLE_ADDRESS'
2026-01-05 17:22:47,153 - INFO - Request for book_shipment successfully processed, request: order_id='e9b5f5bb-4fa9-42f7-ad4f-5ccf19e7f48a' address='SAMPLE_ADDRESS', order_id=e9b5f5bb-4fa9-42f7-ad4f-5ccf19e7f48a, result: shipment_id='00fe5a31-cf71-4651-9cd6-ec25df60501e' tracking_id='a8533e6e-a8b1-4a50-8d26-624612c368a2'
2026-01-05 17:22:47,479 - INFO - Request for book_shipment, order_id=515ad97c-0aa5-49b1-adaa-6f43fcf037c9, request: order_id='515ad97c-0aa5-49b1-adaa-6f43fcf037c9' address='SAMPLE_ADDRESS'
2026-01-05 17:22:47,679 - INFO - Request for book_shipment, external carrier service called successfully, order_id=515ad97c-0aa5-49b1-adaa-6f43fcf037c9, request: order_id='515ad97c-0aa5-49b1-adaa-6f43fcf037c9' address='SAMPLE_ADDRESS'
2026-01-05 17:22:47,681 - INFO - Request for book_shipment successfully processed, request: order_id='515ad97c-0aa5-49b1-adaa-6f43fcf037c9' address='SAMPLE_ADDRESS', order_id=515ad97c-0aa5-49b1-adaa-6f43fcf037c9, result: shipment_id='7f88648a-72b1-4a70-a298-8fc51764197c' tracking_id='3a6720f0-4add-4560-a065-846da2a538b2'
2026-01-05 17:22:48,016 - INFO - Request for book_shipment, order_id=6c4655f6-a9c2-441e-ae6b-43ab0a823fbf, request: order_id='6c4655f6-a9c2-441e-ae6b-43ab0a823fbf' address='SAMPLE_ADDRESS'
2026-01-05 17:22:48,217 - INFO - Request for book_shipment, external carrier service called successfully, order_id=6c4655f6-a9c2-441e-ae6b-43ab0a823fbf, request: order_id='6c4655f6-a9c2-441e-ae6b-43ab0a823fbf' address='SAMPLE_ADDRESS'
2026-01-05 17:22:48,218 - INFO - Request for book_shipment successfully processed, request: order_id='6c4655f6-a9c2-441e-ae6b-43ab0a823fbf' address='SAMPLE_ADDRESS', order_id=6c4655f6-a9c2-441e-ae6b-43ab0a823fbf, result: shipment_id='2fcacd55-2b3e-44e7-86af-cf4411826068' tracking_id='44ba3da0-6529-4faa-ab76-705edc9714db'
2026-01-05 17:22:48,561 - INFO - Request for book_shipment, order_id=2e304d62-d273-4459-9b3f-470cdaaa1aa1, request: order_id='2e304d62-d273-4459-9b3f-470cdaaa1aa1' address='SAMPLE_ADDRESS'
2026-01-05 17:22:48,761 - INFO - Request for book_shipment, external carrier service called successfully, order_id=2e304d62-d273-4459-9b3f-470cdaaa1aa1, request: order_id='2e304d62-d273-4459-9b3f-470cdaaa1aa1' address='SAMPLE_ADDRESS'
2026-01-05 17:22:48,762 - INFO - Request for book_shipment successfully processed, request: order_id='2e304d62-d273-4459-9b3f-470cdaaa1aa1' address='SAMPLE_ADDRESS', order_id=2e304d62-d273-4459-9b3f-470cdaaa1aa1, result: shipment_id='40739445-2c60-409e-bb3a-5d1f87525333' tracking_id='02185da4-e8a5-4fc9-89a9-7033d427f206'
2026-01-05 17:22:49,097 - INFO - Request for book_shipment, order_id=2d3206da-670c-45c4-87ba-b2c9c923fa59, request: order_id='2d3206da-670c-45c4-87ba-b2c9c923fa59' address='SAMPLE_ADDRESS'
2026-01-05 17:22:49,298 - INFO - Request for book_shipment, external carrier service called successfully, order_id=2d3206da-670c-45c4-87ba-b2c9c923fa59, request: order_id='2d3206da-670c-45c4-87ba-b2c9c923fa59' address='SAMPLE_ADDRESS'
2026-01-05 17:22:49,299 - INFO - Request for book_shipment successfully processed, request: order_id='2d3206da-670c-45c4-87ba-b2c9c923fa59' address='SAMPLE_ADDRESS', order_id=2d3206da-670c-45c4-87ba-b2c9c923fa59, result: shipment_id='96d45366-a08a-49d4-b2ad-573866b1afba' tracking_id='0bdc2b1d-9be7-4511-bf1a-506f3c60db33'
2026-01-05 17:22:49,627 - INFO - Request for book_shipment, order_id=43c83a39-4f72-4879-a7dd-458df276f14c, request: order_id='43c83a39-4f72-4879-a7dd-458df276f14c' address='SAMPLE_ADDRESS'
2026-01-05 17:22:49,828 - INFO - Request for book_shipment, external carrier service called successfully, order_id=43c83a39-4f72-4879-a7dd-458df276f14c, request: order_id='43c83a39-4f72-4879-a7dd-458df276f14c' address='SAMPLE_ADDRESS'
2026-01-05 17:22:49,829 - INFO - Request for book_shipment successfully processed, request: order_id='43c83a39-4f72-4879-a7dd-458df276f14c' address='SAMPLE_ADDRESS', order_id=43c83a39-4f72-4879-a7dd-458df276f14c, result: shipment_id='087c4784-628e-4cac-96c7-ecc5608fdadd' tracking_id='dc6ad9c1-0ff6-4855-a640-85becf568a52'
2026-01-05 17:22:50,157 - INFO - Request for book_shipment, order_id=58e39dd0-c03f-4021-b802-19e2a543d9b5, request: order_id='58e39dd0-c03f-4021-b802-19e2a543d9b5' address='SAMPLE_ADDRESS'
2026-01-05 17:22:50,357 - INFO - Request for book_shipment, external carrier service called successfully, order_id=58e39dd0-c03f-4021-b802-19e2a543d9b5, request: order_id='58e39dd0-c03f-4021-b802-19e2a543d9b5' address='SAMPLE_ADDRESS'
2026-01-05 17:22:50,359 - INFO - Request for book_shipment successfully processed, request: order_id='58e39dd0-c03f-4021-b802-19e2a543d9b5' address='SAMPLE_ADDRESS', order_id=58e39dd0-c03f-4021-b802-19e2a543d9b5, result: shipment_id='528ea0c6-086f-4e44-ad31-4182f930a6bf' tracking_id='c9a0ae8c-53ed-410f-8dde-ef3cdd9eee7a'
2026-01-05 17:22:50,695 - INFO - Request for book_shipment, order_id=9b786d4c-dd8f-4fb4-b359-0e3f37504415, request: order_id='9b786d4c-dd8f-4fb4-b359-0e3f37504415' address='SAMPLE_ADDRESS'
2026-01-05 17:22:50,895 - INFO - Request for book_shipment, external carrier service called successfully, order_id=9b786d4c-dd8f-4fb4-b359-0e3f37504415, request: order_id='9b786d4c-dd8f-4fb4-b359-0e3f37504415' address='SAMPLE_ADDRESS'
2026-01-05 17:22:50,896 - INFO - Request for book_shipment successfully processed, request: order_id='9b786d4c-dd8f-4fb4-b359-0e3f37504415' address='SAMPLE_ADDRESS', order_id=9b786d4c-dd8f-4fb4-b359-0e3f37504415, result: shipment_id='c53cdfaf-b9b9-4ea8-9d03-90e1f2923c7b' tracking_id='faa3536a-5fca-41ad-babe-45c1eacf5eab'
2026-01-05 17:22:51,214 - INFO - Request for book_shipment, order_id=936c547d-5fa8-4786-91ff-91743a0c24fd, request: order_id='936c547d-5fa8-4786-91ff-91743a0c24fd' address='SAMPLE_ADDRESS'
2026-01-05 17:22:51,414 - INFO - Request for book_shipment, external carrier service called successfully, order_id=936c547d-5fa8-4786-91ff-91743a0c24fd, request: order_id='936c547d-5fa8-4786-91ff-91743a0c24fd' address='SAMPLE_ADDRESS'
2026-01-05 17:22:51,416 - INFO - Request for book_shipment successfully processed, request: order_id='936c547d-5fa8-4786-91ff-91743a0c24fd' address='SAMPLE_ADDRESS', order_id=936c547d-5fa8-4786-91ff-91743a0c24fd, result: shipment_id='37029097-de7d-48f2-9589-385300b1b915' tracking_id='8841d873-1813-49a4-992c-1072bc9f9977'
2026-01-05 17:22:51,760 - INFO - Request for book_shipment, order_id=bd86ef13-8bb5-4edd-a934-50d47e722ceb, request: order_id='bd86ef13-8bb5-4edd-a934-50d47e722ceb' address='SAMPLE_ADDRESS'
2026-01-05 17:22:51,961 - INFO - Request for book_shipment, external carrier service called successfully, order_id=bd86ef13-8bb5-4edd-a934-50d47e722ceb, request: order_id='bd86ef13-8bb5-4edd-a934-50d47e722ceb' address='SAMPLE_ADDRESS'
2026-01-05 17:22:51,967 - INFO - Request for book_shipment successfully processed, request: order_id='bd86ef13-8bb5-4edd-a934-50d47e722ceb' address='SAMPLE_ADDRESS', order_id=bd86ef13-8bb5-4edd-a934-50d47e722ceb, result: shipment_id='e9447c6a-501e-420a-9207-b6bff837694a' tracking_id='0f9266fa-5328-411b-8ba2-4f8c9863f097'
2026-01-05 17:22:52,319 - INFO - Request for book_shipment, order_id=373b456a-772d-455e-bd80-8eb39d68edb9, request: order_id='373b456a-772d-455e-bd80-8eb39d68edb9' address='SAMPLE_ADDRESS'
2026-01-05 17:22:52,520 - INFO - Request for book_shipment, external carrier service called successfully, order_id=373b456a-772d-455e-bd80-8eb39d68edb9, request: order_id='373b456a-772d-455e-bd80-8eb39d68edb9' address='SAMPLE_ADDRESS'
2026-01-05 17:22:52,523 - INFO - Request for book_shipment successfully processed, request: order_id='373b456a-772d-455e-bd80-8eb39d68edb9' address='SAMPLE_ADDRESS', order_id=373b456a-772d-455e-bd80-8eb39d68edb9, result: shipment_id='d39a836c-bacd-44d8-9f67-bbd62df3d6de' tracking_id='05ab5823-1b7a-47ba-b7d9-ec28f9504a09'
2026-01-05 17:22:52,873 - INFO - Request for book_shipment, order_id=fea12d30-7300-4648-ae8f-19a04709f78c, request: order_id='fea12d30-7300-4648-ae8f-19a04709f78c' address='SAMPLE_ADDRESS'
2026-01-05 17:22:53,073 - INFO - Request for book_shipment, external carrier service called successfully, order_id=fea12d30-7300-4648-ae8f-19a04709f78c, request: order_id='fea12d30-7300-4648-ae8f-19a04709f78c' address='SAMPLE_ADDRESS'
2026-01-05 17:22:53,075 - INFO - Request for book_shipment successfully processed, request: order_id='fea12d30-7300-4648-ae8f-19a04709f78c' address='SAMPLE_ADDRESS', order_id=fea12d30-7300-4648-ae8f-19a04709f78c, result: shipment_id='5acaff80-21ba-4092-8892-472eb3f12a1c' tracking_id='d64406b4-d5ee-45dc-b9cd-d77a42910e93'
2026-01-05 17:22:53,404 - INFO - Request for book_shipment, order_id=999e4b41-f80a-4774-addc-a58482deaf1d, request: order_id='999e4b41-f80a-4774-addc-a58482deaf1d' address='SAMPLE_ADDRESS'
2026-01-05 17:22:53,604 - INFO - Request for book_shipment, external carrier service called successfully, order_id=999e4b41-f80a-4774-addc-a58482deaf1d, request: order_id='999e4b41-f80a-4774-addc-a58482deaf1d' address='SAMPLE_ADDRESS'
2026-01-05 17:22:53,606 - INFO - Request for book_shipment successfully processed, request: order_id='999e4b41-f80a-4774-addc-a58482deaf1d' address='SAMPLE_ADDRESS', order_id=999e4b41-f80a-4774-addc-a58482deaf1d, result: shipment_id='e220f5c6-2f8f-411e-8019-9ed6e91cde07' tracking_id='700012cd-385c-4405-b200-d25cda795e47'
2026-01-05 17:22:53,923 - INFO - Request for book_shipment, order_id=5b9fbaa7-6b9f-4e09-813d-9652993a8c18, request: order_id='5b9fbaa7-6b9f-4e09-813d-9652993a8c18' address='SAMPLE_ADDRESS'
2026-01-05 17:22:54,124 - INFO - Request for book_shipment, external carrier service called successfully, order_id=5b9fbaa7-6b9f-4e09-813d-9652993a8c18, request: order_id='5b9fbaa7-6b9f-4e09-813d-9652993a8c18' address='SAMPLE_ADDRESS'
2026-01-05 17:22:54,125 - INFO - Request for book_shipment successfully processed, request: order_id='5b9fbaa7-6b9f-4e09-813d-9652993a8c18' address='SAMPLE_ADDRESS', order_id=5b9fbaa7-6b9f-4e09-813d-9652993a8c18, result: shipment_id='08a0b499-9390-43ee-a2a4-2d4fc830a70d' tracking_id='2b4017b5-6bc2-47bf-914c-0de390d62e95'
2026-01-05 17:22:54,443 - INFO - Request for book_shipment, order_id=8eab969a-2b99-44e3-9e80-514106475bf0, request: order_id='8eab969a-2b99-44e3-9e80-514106475bf0' address='SAMPLE_ADDRESS'
2026-01-05 17:22:54,644 - INFO - Request for book_shipment, external carrier service called successfully, order_id=8eab969a-2b99-44e3-9e80-514106475bf0, request: order_id='8eab969a-2b99-44e3-9e80-514106475bf0' address='SAMPLE_ADDRESS'
2026-01-05 17:22:54,645 - INFO - Request for book_shipment successfully processed, request: order_id='8eab969a-2b99-44e3-9e80-514106475bf0' address='SAMPLE_ADDRESS', order_id=8eab969a-2b99-44e3-9e80-514106475bf0, result: shipment_id='0119cc12-2b73-4c45-9d9c-3a7091fc451a' tracking_id='4eace20a-5afa-4e80-88e4-9cf7e7045809'
2026-01-05 17:22:54,975 - INFO - Request for book_shipment, order_id=cefc5205-da5e-4948-878f-a9e05b6919a3, request: order_id='cefc5205-da5e-4948-878f-a9e05b6919a3' address='SAMPLE_ADDRESS'
2026-01-05 17:22:55,176 - INFO - Request for book_shipment, external carrier service called successfully, order_id=cefc5205-da5e-4948-878f-a9e05b6919a3, request: order_id='cefc5205-da5e-4948-878f-a9e05b6919a3' address='SAMPLE_ADDRESS'
2026-01-05 17:22:55,177 - INFO - Request for book_shipment successfully processed, request: order_id='cefc5205-da5e-4948-878f-a9e05b6919a3' address='SAMPLE_ADDRESS', order_id=cefc5205-da5e-4948-878f-a9e05b6919a3, result: shipment_id='8e268593-2d5e-4737-8576-efe179bb1a5e' tracking_id='1a02ca13-fdef-4f69-aea8-7df5d42de476'
2026-01-05 17:22:55,498 - INFO - Request for book_shipment, order_id=f266b433-57a0-499a-91ec-0d67895b8545, request: order_id='f266b433-57a0-499a-91ec-0d67895b8545' address='SAMPLE_ADDRESS'
2026-01-05 17:22:55,698 - INFO - Request for book_shipment, external carrier service called successfully, order_id=f266b433-57a0-499a-91ec-0d67895b8545, request: order_id='f266b433-57a0-499a-91ec-0d67895b8545' address='SAMPLE_ADDRESS'
2026-01-05 17:22:55,700 - INFO - Request for book_shipment successfully processed, request: order_id='f266b433-57a0-499a-91ec-0d67895b8545' address='SAMPLE_ADDRESS', order_id=f266b433-57a0-499a-91ec-0d67895b8545, result: shipment_id='90dc25b5-9404-48c1-942d-9f0461cffffe' tracking_id='214d7ce5-5dbe-4304-88b4-998b5a2d1231'
2026-01-05 17:22:56,026 - INFO - Request for book_shipment, order_id=f0fef904-06d4-4d08-bc39-ad891eb879a5, request: order_id='f0fef904-06d4-4d08-bc39-ad891eb879a5' address='SAMPLE_ADDRESS'
2026-01-05 17:22:56,227 - INFO - Request for book_shipment, external carrier service called successfully, order_id=f0fef904-06d4-4d08-bc39-ad891eb879a5, request: order_id='f0fef904-06d4-4d08-bc39-ad891eb879a5' address='SAMPLE_ADDRESS'
2026-01-05 17:22:56,228 - INFO - Request for book_shipment successfully processed, request: order_id='f0fef904-06d4-4d08-bc39-ad891eb879a5' address='SAMPLE_ADDRESS', order_id=f0fef904-06d4-4d08-bc39-ad891eb879a5, result: shipment_id='ef23887f-3ca0-43c4-b2ef-e12ba95b3475' tracking_id='ac6f091a-72f4-49c0-9e1b-e4623049e584'
2026-01-05 17:22:56,566 - INFO - Request for book_shipment, order_id=7488c977-44c5-4bd5-9a0b-618b4128b4a4, request: order_id='7488c977-44c5-4bd5-9a0b-618b4128b4a4' address='SAMPLE_ADDRESS'
2026-01-05 17:22:56,767 - INFO - Request for book_shipment, external carrier service called successfully, order_id=7488c977-44c5-4bd5-9a0b-618b4128b4a4, request: order_id='7488c977-44c5-4bd5-9a0b-618b4128b4a4' address='SAMPLE_ADDRESS'
2026-01-05 17:22:56,768 - INFO - Request for book_shipment successfully processed, request: order_id='7488c977-44c5-4bd5-9a0b-618b4128b4a4' address='SAMPLE_ADDRESS', order_id=7488c977-44c5-4bd5-9a0b-618b4128b4a4, result: shipment_id='acf7557d-81f6-4272-9927-e77a6933c71e' tracking_id='614030a6-b4bc-47bb-8df1-498c12805fed'
2026-01-05 17:22:57,108 - INFO - Request for book_shipment, order_id=d0826af2-3cfb-4670-9293-250b2ce8d157, request: order_id='d0826af2-3cfb-4670-9293-250b2ce8d157' address='SAMPLE_ADDRESS'
2026-01-05 17:22:57,308 - INFO - Request for book_shipment, external carrier service called successfully, order_id=d0826af2-3cfb-4670-9293-250b2ce8d157, request: order_id='d0826af2-3cfb-4670-9293-250b2ce8d157' address='SAMPLE_ADDRESS'
2026-01-05 17:22:57,310 - INFO - Request for book_shipment successfully processed, request: order_id='d0826af2-3cfb-4670-9293-250b2ce8d157' address='SAMPLE_ADDRESS', order_id=d0826af2-3cfb-4670-9293-250b2ce8d157, result: shipment_id='667ca765-06d6-4d39-9895-0df1cec28a9c' tracking_id='cdd785ea-2b5e-4935-9747-e1ed86e45c9c'
2026-01-05 17:22:57,644 - INFO - Request for book_shipment, order_id=49d59814-7bc2-4e45-b2a2-28f26007eee0, request: order_id='49d59814-7bc2-4e45-b2a2-28f26007eee0' address='SAMPLE_ADDRESS'
2026-01-05 17:22:57,844 - INFO - Request for book_shipment, external carrier service called successfully, order_id=49d59814-7bc2-4e45-b2a2-28f26007eee0, request: order_id='49d59814-7bc2-4e45-b2a2-28f26007eee0' address='SAMPLE_ADDRESS'
2026-01-05 17:22:57,846 - INFO - Request for book_shipment successfully processed, request: order_id='49d59814-7bc2-4e45-b2a2-28f26007eee0' address='SAMPLE_ADDRESS', order_id=49d59814-7bc2-4e45-b2a2-28f26007eee0, result: shipment_id='6e23bfc8-f107-43db-aa51-15d3e900bcdf' tracking_id='6be35339-f868-4e76-8d9f-46da378d1a99'
2026-01-05 17:22:58,170 - INFO - Request for book_shipment, order_id=afe1b79a-8555-43cf-b878-e1a960936879, request: order_id='afe1b79a-8555-43cf-b878-e1a960936879' address='SAMPLE_ADDRESS'
2026-01-05 17:22:58,370 - INFO - Request for book_shipment, external carrier service called successfully, order_id=afe1b79a-8555-43cf-b878-e1a960936879, request: order_id='afe1b79a-8555-43cf-b878-e1a960936879' address='SAMPLE_ADDRESS'
2026-01-05 17:22:58,372 - INFO - Request for book_shipment successfully processed, request: order_id='afe1b79a-8555-43cf-b878-e1a960936879' address='SAMPLE_ADDRESS', order_id=afe1b79a-8555-43cf-b878-e1a960936879, result: shipment_id='b5f75a8c-f45f-4d33-8264-59ca6c162231' tracking_id='e85d9347-2d2c-44d4-bd39-edc9da4396bf'
2026-01-05 17:22:58,699 - INFO - Request for book_shipment, order_id=d99e0af5-5e54-4d61-9883-9aac3768fee7, request: order_id='d99e0af5-5e54-4d61-9883-9aac3768fee7' address='SAMPLE_ADDRESS'
2026-01-05 17:22:58,899 - INFO - Request for book_shipment, external carrier service called successfully, order_id=d99e0af5-5e54-4d61-9883-9aac3768fee7, request: order_id='d99e0af5-5e54-4d61-9883-9aac3768fee7' address='SAMPLE_ADDRESS'
2026-01-05 17:22:58,901 - INFO - Request for book_shipment successfully processed, request: order_id='d99e0af5-5e54-4d61-9883-9aac3768fee7' address='SAMPLE_ADDRESS', order_id=d99e0af5-5e54-4d61-9883-9aac3768fee7, result: shipment_id='8b96eada-07b6-4dc5-99a8-6dd51999ff2d' tracking_id='867cfe34-fd0b-4d3e-9e81-5ee79056c3fd'
2026-01-05 17:22:59,236 - INFO - Request for book_shipment, order_id=28bdfc70-cea8-4aed-b194-930e35f4eb64, request: order_id='28bdfc70-cea8-4aed-b194-930e35f4eb64' address='SAMPLE_ADDRESS'
2026-01-05 17:22:59,437 - INFO - Request for book_shipment, external carrier service called successfully, order_id=28bdfc70-cea8-4aed-b194-930e35f4eb64, request: order_id='28bdfc70-cea8-4aed-b194-930e35f4eb64' address='SAMPLE_ADDRESS'
2026-01-05 17:22:59,438 - INFO - Request for book_shipment successfully processed, request: order_id='28bdfc70-cea8-4aed-b194-930e35f4eb64' address='SAMPLE_ADDRESS', order_id=28bdfc70-cea8-4aed-b194-930e35f4eb64, result: shipment_id='b14acfd2-a06f-409f-a1c9-3e0e2fc98933' tracking_id='7e651b40-a119-4f6c-8a56-18b21b2bdb5a'
2026-01-05 17:22:59,764 - INFO - Request for book_shipment, order_id=6bd986cf-dd41-4d82-b0d5-c51ac83956cd, request: order_id='6bd986cf-dd41-4d82-b0d5-c51ac83956cd' address='SAMPLE_ADDRESS'
2026-01-05 17:22:59,964 - INFO - Request for book_shipment, external carrier service called successfully, order_id=6bd986cf-dd41-4d82-b0d5-c51ac83956cd, request: order_id='6bd986cf-dd41-4d82-b0d5-c51ac83956cd' address='SAMPLE_ADDRESS'
2026-01-05 17:22:59,966 - INFO - Request for book_shipment successfully processed, request: order_id='6bd986cf-dd41-4d82-b0d5-c51ac83956cd' address='SAMPLE_ADDRESS', order_id=6bd986cf-dd41-4d82-b0d5-c51ac83956cd, result: shipment_id='1c976d79-990c-4cf0-bfc3-ecdb8ee89770' tracking_id='76d0c7c6-4491-43aa-b21a-1d258b202f61'
2026-01-05 17:23:00,294 - INFO - Request for book_shipment, order_id=76a4cf53-67aa-43f4-8086-fd21cc11cdbe, request: order_id='76a4cf53-67aa-43f4-8086-fd21cc11cdbe' address='SAMPLE_ADDRESS'
2026-01-05 17:23:00,495 - INFO - Request for book_shipment, external carrier service called successfully, order_id=76a4cf53-67aa-43f4-8086-fd21cc11cdbe, request: order_id='76a4cf53-67aa-43f4-8086-fd21cc11cdbe' address='SAMPLE_ADDRESS'
2026-01-05 17:23:00,496 - INFO - Request for book_shipment successfully processed, request: order_id='76a4cf53-67aa-43f4-8086-fd21cc11cdbe' address='SAMPLE_ADDRESS', order_id=76a4cf53-67aa-43f4-8086-fd21cc11cdbe, result: shipment_id='881ccfc9-0d60-4dc4-943b-656d9db8eeee' tracking_id='43766e36-6b38-4a4c-bd58-7114b24f4a5f'
2026-01-05 17:23:00,821 - INFO - Request for book_shipment, order_id=3ad450b7-2a70-459d-8e8c-9dd9fba5f10e, request: order_id='3ad450b7-2a70-459d-8e8c-9dd9fba5f10e' address='SAMPLE_ADDRESS'
2026-01-05 17:23:01,022 - INFO - Request for book_shipment, external carrier service called successfully, order_id=3ad450b7-2a70-459d-8e8c-9dd9fba5f10e, request: order_id='3ad450b7-2a70-459d-8e8c-9dd9fba5f10e' address='SAMPLE_ADDRESS'
2026-01-05 17:23:01,023 - INFO - Request for book_shipment successfully processed, request: order_id='3ad450b7-2a70-459d-8e8c-9dd9fba5f10e' address='SAMPLE_ADDRESS', order_id=3ad450b7-2a70-459d-8e8c-9dd9fba5f10e, result: shipment_id='c9d2be0a-3554-44bd-b439-43e2a27d4a3c' tracking_id='d3c87966-ef4e-4fb0-8ffc-63326f8043f1'
2026-01-05 17:23:01,362 - INFO - Request for book_shipment, order_id=f077e2f4-5d96-477f-a3de-776b164c13e6, request: order_id='f077e2f4-5d96-477f-a3de-776b164c13e6' address='SAMPLE_ADDRESS'
2026-01-05 17:23:01,562 - INFO - Request for book_shipment, external carrier service called successfully, order_id=f077e2f4-5d96-477f-a3de-776b164c13e6, request: order_id='f077e2f4-5d96-477f-a3de-776b164c13e6' address='SAMPLE_ADDRESS'
2026-01-05 17:23:01,564 - INFO - Request for book_shipment successfully processed, request: order_id='f077e2f4-5d96-477f-a3de-776b164c13e6' address='SAMPLE_ADDRESS', order_id=f077e2f4-5d96-477f-a3de-776b164c13e6, result: shipment_id='b9939844-0c60-416d-896c-145ca293d691' tracking_id='96014baf-e17e-4317-970a-bce891a1ace3'
2026-01-05 17:23:01,881 - INFO - Request for book_shipment, order_id=7d338783-78fa-433d-8209-dadec5ca0c22, request: order_id='7d338783-78fa-433d-8209-dadec5ca0c22' address='SAMPLE_ADDRESS'
2026-01-05 17:23:02,081 - INFO - Request for book_shipment, external carrier service called successfully, order_id=7d338783-78fa-433d-8209-dadec5ca0c22, request: order_id='7d338783-78fa-433d-8209-dadec5ca0c22' address='SAMPLE_ADDRESS'
2026-01-05 17:23:02,083 - INFO - Request for book_shipment successfully processed, request: order_id='7d338783-78fa-433d-8209-dadec5ca0c22' address='SAMPLE_ADDRESS', order_id=7d338783-78fa-433d-8209-dadec5ca0c22, result: shipment_id='98465265-9af9-495a-a9f5-9e94e3f9909f' tracking_id='5c48f956-030f-4e2e-8159-61c9721cfdbc'
